<?xml version="1.0" encoding="UTF-8"?>
<coverage generated="1636430029950" clover="3.2.0">
  <project timestamp="1636430029950" name="All files">
    <metrics statements="63" coveredstatements="57" conditionals="48" coveredconditionals="40" methods="32" coveredmethods="28" elements="143" coveredelements="125" complexity="0" loc="63" ncloc="63" packages="2" files="19" classes="19"/>
    <package name="src">
      <metrics statements="13" coveredstatements="7" conditionals="2" coveredconditionals="0" methods="10" coveredmethods="6"/>
      <file name="HomePage.js" path="C:\Users\kmaat\Documents\UNC 2021-2022\Fall 2021\COMP 523\clinispanhealth523\clinispanhealth\clinispanhealth-app\src\HomePage.js">
        <metrics statements="6" coveredstatements="6" conditionals="0" coveredconditionals="0" methods="6" coveredmethods="6"/>
        <line num="11" count="10" type="stmt"/>
        <line num="24" count="10" type="stmt"/>
        <line num="37" count="10" type="stmt"/>
        <line num="72" count="10" type="stmt"/>
        <line num="87" count="1" type="stmt"/>
        <line num="92" count="10" type="stmt"/>
      </file>
      <file name="index.js" path="C:\Users\kmaat\Documents\UNC 2021-2022\Fall 2021\COMP 523\clinispanhealth523\clinispanhealth\clinispanhealth-app\src\index.js">
        <metrics statements="7" coveredstatements="1" conditionals="2" coveredconditionals="0" methods="4" coveredmethods="0"/>
        <line num="19" count="10" type="stmt"/>
        <line num="39" count="0" type="stmt"/>
        <line num="41" count="0" type="stmt"/>
        <line num="42" count="0" type="stmt"/>
        <line num="43" count="0" type="stmt"/>
        <line num="44" count="0" type="stmt"/>
        <line num="47" count="0" type="stmt"/>
      </file>
    </package>
    <package name="src.components">
      <metrics statements="50" coveredstatements="50" conditionals="46" coveredconditionals="40" methods="22" coveredmethods="22"/>
      <file name="Banner.js" path="C:\Users\kmaat\Documents\UNC 2021-2022\Fall 2021\COMP 523\clinispanhealth523\clinispanhealth\clinispanhealth-app\src\components\Banner.js">
        <metrics statements="2" coveredstatements="2" conditionals="10" coveredconditionals="10" methods="1" coveredmethods="1"/>
        <line num="6" count="10" type="stmt"/>
        <line num="8" count="38" type="stmt"/>
      </file>
      <file name="BrowseStudies.js" path="C:\Users\kmaat\Documents\UNC 2021-2022\Fall 2021\COMP 523\clinispanhealth523\clinispanhealth\clinispanhealth-app\src\components\BrowseStudies.js">
        <metrics statements="10" coveredstatements="10" conditionals="2" coveredconditionals="2" methods="6" coveredmethods="6"/>
        <line num="8" count="12" type="stmt"/>
        <line num="10" count="8" type="stmt"/>
        <line num="16" count="4" type="stmt"/>
        <line num="17" count="4" type="stmt"/>
        <line num="30" count="4" type="stmt"/>
        <line num="47" count="2" type="stmt"/>
        <line num="50" count="2" type="stmt"/>
        <line num="54" count="12" type="stmt"/>
        <line num="55" count="12" type="stmt"/>
        <line num="77" count="44" type="stmt"/>
      </file>
      <file name="Checkbox.js" path="C:\Users\kmaat\Documents\UNC 2021-2022\Fall 2021\COMP 523\clinispanhealth523\clinispanhealth\clinispanhealth-app\src\components\Checkbox.js">
        <metrics statements="4" coveredstatements="4" conditionals="6" coveredconditionals="4" methods="1" coveredmethods="1"/>
        <line num="2" count="10" type="stmt"/>
        <line num="3" count="192" type="cond" truecount="3" falsecount="1"/>
        <line num="5" count="192" type="cond" truecount="1" falsecount="1"/>
        <line num="7" count="192" type="stmt"/>
      </file>
      <file name="Dropdown.js" path="C:\Users\kmaat\Documents\UNC 2021-2022\Fall 2021\COMP 523\clinispanhealth523\clinispanhealth\clinispanhealth-app\src\components\Dropdown.js">
        <metrics statements="2" coveredstatements="2" conditionals="0" coveredconditionals="0" methods="1" coveredmethods="1"/>
        <line num="4" count="10" type="stmt"/>
        <line num="6" count="20" type="stmt"/>
      </file>
      <file name="EnterField.js" path="C:\Users\kmaat\Documents\UNC 2021-2022\Fall 2021\COMP 523\clinispanhealth523\clinispanhealth\clinispanhealth-app\src\components\EnterField.js">
        <metrics statements="4" coveredstatements="4" conditionals="8" coveredconditionals="5" methods="1" coveredmethods="1"/>
        <line num="2" count="10" type="stmt"/>
        <line num="3" count="174" type="cond" truecount="3" falsecount="3"/>
        <line num="4" count="164" type="cond" truecount="2" falsecount="0"/>
        <line num="5" count="164" type="stmt"/>
      </file>
      <file name="FAQ.js" path="C:\Users\kmaat\Documents\UNC 2021-2022\Fall 2021\COMP 523\clinispanhealth523\clinispanhealth\clinispanhealth-app\src\components\FAQ.js">
        <metrics statements="2" coveredstatements="2" conditionals="0" coveredconditionals="0" methods="1" coveredmethods="1"/>
        <line num="4" count="10" type="stmt"/>
        <line num="5" count="4" type="stmt"/>
      </file>
      <file name="HyperLink.js" path="C:\Users\kmaat\Documents\UNC 2021-2022\Fall 2021\COMP 523\clinispanhealth523\clinispanhealth\clinispanhealth-app\src\components\HyperLink.js">
        <metrics statements="3" coveredstatements="3" conditionals="8" coveredconditionals="8" methods="1" coveredmethods="1"/>
        <line num="4" count="10" type="stmt"/>
        <line num="5" count="44" type="cond" truecount="2" falsecount="0"/>
        <line num="6" count="44" type="stmt"/>
      </file>
      <file name="Input.js" path="C:\Users\kmaat\Documents\UNC 2021-2022\Fall 2021\COMP 523\clinispanhealth523\clinispanhealth\clinispanhealth-app\src\components\Input.js">
        <metrics statements="4" coveredstatements="4" conditionals="6" coveredconditionals="5" methods="1" coveredmethods="1"/>
        <line num="2" count="10" type="stmt"/>
        <line num="3" count="80" type="cond" truecount="3" falsecount="1"/>
        <line num="5" count="80" type="cond" truecount="2" falsecount="0"/>
        <line num="7" count="80" type="stmt"/>
      </file>
      <file name="Login.js" path="C:\Users\kmaat\Documents\UNC 2021-2022\Fall 2021\COMP 523\clinispanhealth523\clinispanhealth\clinispanhealth-app\src\components\Login.js">
        <metrics statements="2" coveredstatements="2" conditionals="0" coveredconditionals="0" methods="1" coveredmethods="1"/>
        <line num="5" count="10" type="stmt"/>
        <line num="6" count="2" type="stmt"/>
      </file>
      <file name="ManageProfile.js" path="C:\Users\kmaat\Documents\UNC 2021-2022\Fall 2021\COMP 523\clinispanhealth523\clinispanhealth\clinispanhealth-app\src\components\ManageProfile.js">
        <metrics statements="2" coveredstatements="2" conditionals="0" coveredconditionals="0" methods="1" coveredmethods="1"/>
        <line num="4" count="10" type="stmt"/>
        <line num="5" count="8" type="stmt"/>
      </file>
      <file name="NavButton.js" path="C:\Users\kmaat\Documents\UNC 2021-2022\Fall 2021\COMP 523\clinispanhealth523\clinispanhealth\clinispanhealth-app\src\components\NavButton.js">
        <metrics statements="2" coveredstatements="2" conditionals="2" coveredconditionals="2" methods="1" coveredmethods="1"/>
        <line num="3" count="10" type="stmt"/>
        <line num="4" count="190" type="stmt"/>
      </file>
      <file name="ProfileTile.js" path="C:\Users\kmaat\Documents\UNC 2021-2022\Fall 2021\COMP 523\clinispanhealth523\clinispanhealth\clinispanhealth-app\src\components\ProfileTile.js">
        <metrics statements="2" coveredstatements="2" conditionals="0" coveredconditionals="0" methods="1" coveredmethods="1"/>
        <line num="4" count="10" type="stmt"/>
        <line num="5" count="8" type="stmt"/>
      </file>
      <file name="SignUpButton.js" path="C:\Users\kmaat\Documents\UNC 2021-2022\Fall 2021\COMP 523\clinispanhealth523\clinispanhealth\clinispanhealth-app\src\components\SignUpButton.js">
        <metrics statements="3" coveredstatements="3" conditionals="2" coveredconditionals="2" methods="1" coveredmethods="1"/>
        <line num="7" count="10" type="stmt"/>
        <line num="8" count="44" type="cond" truecount="2" falsecount="0"/>
        <line num="10" count="44" type="stmt"/>
      </file>
      <file name="SignUpHeader.js" path="C:\Users\kmaat\Documents\UNC 2021-2022\Fall 2021\COMP 523\clinispanhealth523\clinispanhealth\clinispanhealth-app\src\components\SignUpHeader.js">
        <metrics statements="2" coveredstatements="2" conditionals="0" coveredconditionals="0" methods="1" coveredmethods="1"/>
        <line num="11" count="10" type="stmt"/>
        <line num="12" count="22" type="stmt"/>
      </file>
      <file name="StudiesForYou.js" path="C:\Users\kmaat\Documents\UNC 2021-2022\Fall 2021\COMP 523\clinispanhealth523\clinispanhealth\clinispanhealth-app\src\components\StudiesForYou.js">
        <metrics statements="2" coveredstatements="2" conditionals="0" coveredconditionals="0" methods="1" coveredmethods="1"/>
        <line num="3" count="10" type="stmt"/>
        <line num="4" count="4" type="stmt"/>
      </file>
      <file name="TrialBox.js" path="C:\Users\kmaat\Documents\UNC 2021-2022\Fall 2021\COMP 523\clinispanhealth523\clinispanhealth\clinispanhealth-app\src\components\TrialBox.js">
        <metrics statements="2" coveredstatements="2" conditionals="2" coveredconditionals="2" methods="1" coveredmethods="1"/>
        <line num="3" count="10" type="stmt"/>
        <line num="4" count="44" type="stmt"/>
      </file>
      <file name="signUp.js" path="C:\Users\kmaat\Documents\UNC 2021-2022\Fall 2021\COMP 523\clinispanhealth523\clinispanhealth\clinispanhealth-app\src\components\signUp.js">
        <metrics statements="2" coveredstatements="2" conditionals="0" coveredconditionals="0" methods="1" coveredmethods="1"/>
        <line num="5" count="10" type="stmt"/>
        <line num="6" count="30" type="stmt"/>
      </file>
    </package>
  </project>
</coverage>
