<?xml version="1.0" encoding="UTF-8"?>
<coverage generated="1638808415610" clover="3.2.0">
  <project timestamp="1638808415610" name="All files">
    <metrics statements="166" coveredstatements="129" conditionals="98" coveredconditionals="73" methods="54" coveredmethods="42" elements="318" coveredelements="244" complexity="0" loc="166" ncloc="166" packages="3" files="19" classes="19"/>
    <package name="src">
      <metrics statements="15" coveredstatements="9" conditionals="6" coveredconditionals="2" methods="10" coveredmethods="6"/>
      <file name="HomePage.js" path="C:\Users\kmaat\Documents\UNC 2021-2022\Fall 2021\COMP 523\clinispanhealth523\clinispanhealth\clinispanhealth-app\src\HomePage.js">
        <metrics statements="8" coveredstatements="8" conditionals="4" coveredconditionals="2" methods="6" coveredmethods="6"/>
        <line num="12" count="16" type="stmt"/>
        <line num="25" count="16" type="stmt"/>
        <line num="39" count="16" type="cond" truecount="1" falsecount="1"/>
        <line num="40" count="16" type="cond" truecount="1" falsecount="1"/>
        <line num="42" count="16" type="stmt"/>
        <line num="83" count="16" type="stmt"/>
        <line num="98" count="2" type="stmt"/>
        <line num="103" count="16" type="stmt"/>
      </file>
      <file name="index.js" path="C:\Users\kmaat\Documents\UNC 2021-2022\Fall 2021\COMP 523\clinispanhealth523\clinispanhealth\clinispanhealth-app\src\index.js">
        <metrics statements="7" coveredstatements="1" conditionals="2" coveredconditionals="0" methods="4" coveredmethods="0"/>
        <line num="19" count="19" type="stmt"/>
        <line num="39" count="0" type="stmt"/>
        <line num="41" count="0" type="stmt"/>
        <line num="42" count="0" type="stmt"/>
        <line num="43" count="0" type="stmt"/>
        <line num="44" count="0" type="stmt"/>
        <line num="47" count="0" type="stmt"/>
      </file>
    </package>
    <package name="src.apis">
      <metrics statements="12" coveredstatements="10" conditionals="6" coveredconditionals="6" methods="5" coveredmethods="4"/>
      <file name="loginSubmit.js" path="C:\Users\kmaat\Documents\UNC 2021-2022\Fall 2021\COMP 523\clinispanhealth523\clinispanhealth\clinispanhealth-app\src\apis\loginSubmit.js">
        <metrics statements="2" coveredstatements="0" conditionals="0" coveredconditionals="0" methods="1" coveredmethods="0"/>
        <line num="9" count="0" type="stmt"/>
        <line num="19" count="0" type="stmt"/>
      </file>
      <file name="signUpSubmit.js" path="C:\Users\kmaat\Documents\UNC 2021-2022\Fall 2021\COMP 523\clinispanhealth523\clinispanhealth\clinispanhealth-app\src\apis\signUpSubmit.js">
        <metrics statements="10" coveredstatements="10" conditionals="6" coveredconditionals="6" methods="4" coveredmethods="4"/>
        <line num="7" count="7" type="stmt"/>
        <line num="9" count="3" type="stmt"/>
        <line num="11" count="3" type="stmt"/>
        <line num="18" count="2" type="stmt"/>
        <line num="32" count="2" type="stmt"/>
        <line num="48" count="2" type="stmt"/>
        <line num="54" count="10" type="cond" truecount="2" falsecount="0"/>
        <line num="56" count="8" type="cond" truecount="2" falsecount="0"/>
        <line num="57" count="6" type="stmt"/>
        <line num="64" count="3" type="cond" truecount="2" falsecount="0"/>
      </file>
    </package>
    <package name="src.components">
      <metrics statements="139" coveredstatements="110" conditionals="86" coveredconditionals="65" methods="39" coveredmethods="32"/>
      <file name="Banner.js" path="C:\Users\kmaat\Documents\UNC 2021-2022\Fall 2021\COMP 523\clinispanhealth523\clinispanhealth\clinispanhealth-app\src\components\Banner.js">
        <metrics statements="2" coveredstatements="2" conditionals="10" coveredconditionals="10" methods="1" coveredmethods="1"/>
        <line num="6" count="19" type="stmt"/>
        <line num="8" count="48" type="stmt"/>
      </file>
      <file name="BrowseStudies.js" path="C:\Users\kmaat\Documents\UNC 2021-2022\Fall 2021\COMP 523\clinispanhealth523\clinispanhealth\clinispanhealth-app\src\components\BrowseStudies.js">
        <metrics statements="10" coveredstatements="9" conditionals="2" coveredconditionals="2" methods="6" coveredmethods="5"/>
        <line num="8" count="11" type="stmt"/>
        <line num="10" count="8" type="stmt"/>
        <line num="16" count="4" type="stmt"/>
        <line num="17" count="4" type="stmt"/>
        <line num="30" count="4" type="stmt"/>
        <line num="47" count="3" type="stmt"/>
        <line num="50" count="0" type="stmt"/>
        <line num="54" count="12" type="stmt"/>
        <line num="55" count="12" type="stmt"/>
        <line num="83" count="44" type="stmt"/>
      </file>
      <file name="Dropdown.js" path="C:\Users\kmaat\Documents\UNC 2021-2022\Fall 2021\COMP 523\clinispanhealth523\clinispanhealth\clinispanhealth-app\src\components\Dropdown.js">
        <metrics statements="30" coveredstatements="30" conditionals="2" coveredconditionals="2" methods="2" coveredmethods="2"/>
        <line num="5" count="19" type="stmt"/>
        <line num="7" count="48" type="stmt"/>
        <line num="9" count="48" type="stmt"/>
        <line num="11" count="48" type="stmt"/>
        <line num="12" count="48" type="stmt"/>
        <line num="13" count="48" type="stmt"/>
        <line num="14" count="48" type="stmt"/>
        <line num="15" count="48" type="stmt"/>
        <line num="17" count="48" type="stmt"/>
        <line num="18" count="48" type="stmt"/>
        <line num="19" count="48" type="stmt"/>
        <line num="23" count="4" type="cond" truecount="2" falsecount="0"/>
        <line num="25" count="2" type="stmt"/>
        <line num="27" count="2" type="stmt"/>
        <line num="28" count="2" type="stmt"/>
        <line num="30" count="2" type="stmt"/>
        <line num="31" count="2" type="stmt"/>
        <line num="34" count="2" type="stmt"/>
        <line num="36" count="2" type="stmt"/>
        <line num="37" count="2" type="stmt"/>
        <line num="38" count="2" type="stmt"/>
        <line num="39" count="2" type="stmt"/>
        <line num="40" count="2" type="stmt"/>
        <line num="41" count="2" type="stmt"/>
        <line num="42" count="2" type="stmt"/>
        <line num="44" count="2" type="stmt"/>
        <line num="46" count="2" type="stmt"/>
        <line num="48" count="2" type="stmt"/>
        <line num="49" count="2" type="stmt"/>
        <line num="53" count="48" type="stmt"/>
      </file>
      <file name="FAQ.js" path="C:\Users\kmaat\Documents\UNC 2021-2022\Fall 2021\COMP 523\clinispanhealth523\clinispanhealth\clinispanhealth-app\src\components\FAQ.js">
        <metrics statements="2" coveredstatements="2" conditionals="0" coveredconditionals="0" methods="1" coveredmethods="1"/>
        <line num="5" count="19" type="stmt"/>
        <line num="6" count="8" type="stmt"/>
      </file>
      <file name="HyperLink.js" path="C:\Users\kmaat\Documents\UNC 2021-2022\Fall 2021\COMP 523\clinispanhealth523\clinispanhealth\clinispanhealth-app\src\components\HyperLink.js">
        <metrics statements="3" coveredstatements="3" conditionals="8" coveredconditionals="8" methods="1" coveredmethods="1"/>
        <line num="4" count="19" type="stmt"/>
        <line num="5" count="928" type="cond" truecount="2" falsecount="0"/>
        <line num="6" count="928" type="stmt"/>
      </file>
      <file name="Login.js" path="C:\Users\kmaat\Documents\UNC 2021-2022\Fall 2021\COMP 523\clinispanhealth523\clinispanhealth\clinispanhealth-app\src\components\Login.js">
        <metrics statements="18" coveredstatements="10" conditionals="8" coveredconditionals="5" methods="4" coveredmethods="3"/>
        <line num="8" count="19" type="stmt"/>
        <line num="10" count="90" type="stmt"/>
        <line num="13" count="90" type="stmt"/>
        <line num="18" count="90" type="stmt"/>
        <line num="19" count="36" type="stmt"/>
        <line num="20" count="36" type="stmt"/>
        <line num="21" count="70" type="stmt"/>
        <line num="24" count="90" type="stmt"/>
        <line num="25" count="0" type="stmt"/>
        <line num="27" count="0" type="stmt"/>
        <line num="29" count="0" type="stmt"/>
        <line num="31" count="0" type="stmt"/>
        <line num="33" count="0" type="stmt"/>
        <line num="36" count="0" type="stmt"/>
        <line num="40" count="90" type="cond" truecount="1" falsecount="1"/>
        <line num="41" count="0" type="cond" truecount="0" falsecount="2"/>
        <line num="42" count="0" type="stmt"/>
        <line num="57" count="90" type="stmt"/>
      </file>
      <file name="ManageProfile.js" path="C:\Users\kmaat\Documents\UNC 2021-2022\Fall 2021\COMP 523\clinispanhealth523\clinispanhealth\clinispanhealth-app\src\components\ManageProfile.js">
        <metrics statements="2" coveredstatements="2" conditionals="0" coveredconditionals="0" methods="1" coveredmethods="1"/>
        <line num="5" count="19" type="stmt"/>
        <line num="6" count="12" type="stmt"/>
      </file>
      <file name="NavButton.js" path="C:\Users\kmaat\Documents\UNC 2021-2022\Fall 2021\COMP 523\clinispanhealth523\clinispanhealth\clinispanhealth-app\src\components\NavButton.js">
        <metrics statements="2" coveredstatements="2" conditionals="2" coveredconditionals="2" methods="1" coveredmethods="1"/>
        <line num="3" count="19" type="stmt"/>
        <line num="4" count="240" type="stmt"/>
      </file>
      <file name="ProfileTile.js" path="C:\Users\kmaat\Documents\UNC 2021-2022\Fall 2021\COMP 523\clinispanhealth523\clinispanhealth\clinispanhealth-app\src\components\ProfileTile.js">
        <metrics statements="26" coveredstatements="17" conditionals="28" coveredconditionals="14" methods="7" coveredmethods="6"/>
        <line num="4" count="19" type="stmt"/>
        <line num="7" count="424" type="stmt"/>
        <line num="8" count="424" type="cond" truecount="1" falsecount="1"/>
        <line num="9" count="0" type="cond" truecount="0" falsecount="2"/>
        <line num="10" count="0" type="stmt"/>
        <line num="12" count="0" type="stmt"/>
        <line num="15" count="424" type="stmt"/>
        <line num="19" count="424" type="stmt"/>
        <line num="34" count="2" type="cond" truecount="1" falsecount="1"/>
        <line num="35" count="0" type="stmt"/>
        <line num="36" count="0" type="stmt"/>
        <line num="37" count="0" type="stmt"/>
        <line num="38" count="0" type="stmt"/>
        <line num="39" count="0" type="stmt"/>
        <line num="51" count="420" type="stmt"/>
        <line num="76" count="420" type="stmt"/>
        <line num="77" count="200" type="stmt"/>
        <line num="78" count="200" type="stmt"/>
        <line num="79" count="398" type="stmt"/>
        <line num="82" count="420" type="stmt"/>
        <line num="83" count="6" type="stmt"/>
        <line num="84" count="6" type="stmt"/>
        <line num="85" count="12" type="stmt"/>
        <line num="88" count="420" type="stmt"/>
        <line num="89" count="0" type="stmt"/>
        <line num="92" count="420" type="stmt"/>
      </file>
      <file name="SignOutHeader.js" path="C:\Users\kmaat\Documents\UNC 2021-2022\Fall 2021\COMP 523\clinispanhealth523\clinispanhealth\clinispanhealth-app\src\components\SignOutHeader.js">
        <metrics statements="8" coveredstatements="1" conditionals="0" coveredconditionals="0" methods="2" coveredmethods="0"/>
        <line num="6" count="19" type="stmt"/>
        <line num="7" count="0" type="stmt"/>
        <line num="21" count="0" type="stmt"/>
        <line num="22" count="0" type="stmt"/>
        <line num="23" count="0" type="stmt"/>
        <line num="24" count="0" type="stmt"/>
        <line num="25" count="0" type="stmt"/>
        <line num="26" count="0" type="stmt"/>
      </file>
      <file name="SignUpButton.js" path="C:\Users\kmaat\Documents\UNC 2021-2022\Fall 2021\COMP 523\clinispanhealth523\clinispanhealth\clinispanhealth-app\src\components\SignUpButton.js">
        <metrics statements="3" coveredstatements="3" conditionals="2" coveredconditionals="2" methods="1" coveredmethods="1"/>
        <line num="7" count="19" type="stmt"/>
        <line num="8" count="554" type="cond" truecount="2" falsecount="0"/>
        <line num="10" count="554" type="stmt"/>
      </file>
      <file name="SignUpHeader.js" path="C:\Users\kmaat\Documents\UNC 2021-2022\Fall 2021\COMP 523\clinispanhealth523\clinispanhealth\clinispanhealth-app\src\components\SignUpHeader.js">
        <metrics statements="2" coveredstatements="2" conditionals="0" coveredconditionals="0" methods="1" coveredmethods="1"/>
        <line num="11" count="19" type="stmt"/>
        <line num="12" count="464" type="stmt"/>
      </file>
      <file name="StudiesForYou.js" path="C:\Users\kmaat\Documents\UNC 2021-2022\Fall 2021\COMP 523\clinispanhealth523\clinispanhealth\clinispanhealth-app\src\components\StudiesForYou.js">
        <metrics statements="10" coveredstatements="8" conditionals="2" coveredconditionals="1" methods="6" coveredmethods="4"/>
        <line num="8" count="5" type="stmt"/>
        <line num="10" count="4" type="stmt"/>
        <line num="16" count="2" type="stmt"/>
        <line num="17" count="2" type="stmt"/>
        <line num="30" count="2" type="stmt"/>
        <line num="47" count="1" type="stmt"/>
        <line num="50" count="0" type="stmt"/>
        <line num="54" count="4" type="stmt"/>
        <line num="55" count="4" type="stmt"/>
        <line num="81" count="0" type="stmt"/>
      </file>
      <file name="TrialBox.js" path="C:\Users\kmaat\Documents\UNC 2021-2022\Fall 2021\COMP 523\clinispanhealth523\clinispanhealth\clinispanhealth-app\src\components\TrialBox.js">
        <metrics statements="2" coveredstatements="2" conditionals="2" coveredconditionals="2" methods="1" coveredmethods="1"/>
        <line num="3" count="19" type="stmt"/>
        <line num="4" count="44" type="stmt"/>
      </file>
      <file name="signUp.js" path="C:\Users\kmaat\Documents\UNC 2021-2022\Fall 2021\COMP 523\clinispanhealth523\clinispanhealth\clinispanhealth-app\src\components\signUp.js">
        <metrics statements="19" coveredstatements="17" conditionals="20" coveredconditionals="17" methods="4" coveredmethods="4"/>
        <line num="8" count="19" type="stmt"/>
        <line num="10" count="374" type="stmt"/>
        <line num="12" count="374" type="stmt"/>
        <line num="23" count="374" type="stmt"/>
        <line num="24" count="168" type="stmt"/>
        <line num="25" count="168" type="stmt"/>
        <line num="26" count="331" type="stmt"/>
        <line num="29" count="374" type="stmt"/>
        <line num="30" count="7" type="stmt"/>
        <line num="31" count="7" type="stmt"/>
        <line num="34" count="7" type="stmt"/>
        <line num="35" count="7" type="stmt"/>
        <line num="36" count="7" type="stmt"/>
        <line num="37" count="7" type="stmt"/>
        <line num="40" count="7" type="stmt"/>
        <line num="44" count="374" type="cond" truecount="1" falsecount="1"/>
        <line num="45" count="0" type="cond" truecount="0" falsecount="2"/>
        <line num="46" count="0" type="stmt"/>
        <line num="60" count="374" type="stmt"/>
      </file>
    </package>
  </project>
</coverage>
