{"C:/Users/kmaat/Documents/UNC 2021-2022/Fall 2021/COMP 523/clinispanhealth523/clinispanhealth/clinispanhealth-app/coverage/lcov-report/block-navigation.js": {"path":"C:/Users/kmaat/Documents/UNC 2021-2022/Fall 2021/COMP 523/clinispanhealth523/clinispanhealth/clinispanhealth-app/coverage/lcov-report/block-navigation.js","statementMap":{},"fnMap":{},"branchMap":{},"s":{},"f":{},"b":{}}
,"C:/Users/kmaat/Documents/UNC 2021-2022/Fall 2021/COMP 523/clinispanhealth523/clinispanhealth/clinispanhealth-app/coverage/lcov-report/prettify.js": {"path":"C:/Users/kmaat/Documents/UNC 2021-2022/Fall 2021/COMP 523/clinispanhealth523/clinispanhealth/clinispanhealth-app/coverage/lcov-report/prettify.js","statementMap":{},"fnMap":{},"branchMap":{},"s":{},"f":{},"b":{}}
,"C:/Users/kmaat/Documents/UNC 2021-2022/Fall 2021/COMP 523/clinispanhealth523/clinispanhealth/clinispanhealth-app/coverage/lcov-report/sorter.js": {"path":"C:/Users/kmaat/Documents/UNC 2021-2022/Fall 2021/COMP 523/clinispanhealth523/clinispanhealth/clinispanhealth-app/coverage/lcov-report/sorter.js","statementMap":{},"fnMap":{},"branchMap":{},"s":{},"f":{},"b":{}}
,"C:/Users/kmaat/Documents/UNC 2021-2022/Fall 2021/COMP 523/clinispanhealth523/clinispanhealth/clinispanhealth-app/cypress/integration/sample_spec.js": {"path":"C:/Users/kmaat/Documents/UNC 2021-2022/Fall 2021/COMP 523/clinispanhealth523/clinispanhealth/clinispanhealth-app/cypress/integration/sample_spec.js","statementMap":{},"fnMap":{},"branchMap":{},"s":{},"f":{},"b":{}}
,"C:/Users/kmaat/Documents/UNC 2021-2022/Fall 2021/COMP 523/clinispanhealth523/clinispanhealth/clinispanhealth-app/cypress/integration/1-getting-started/todo.spec.js": {"path":"C:/Users/kmaat/Documents/UNC 2021-2022/Fall 2021/COMP 523/clinispanhealth523/clinispanhealth/clinispanhealth-app/cypress/integration/1-getting-started/todo.spec.js","statementMap":{},"fnMap":{},"branchMap":{},"s":{},"f":{},"b":{}}
,"C:/Users/kmaat/Documents/UNC 2021-2022/Fall 2021/COMP 523/clinispanhealth523/clinispanhealth/clinispanhealth-app/cypress/integration/2-advanced-examples/actions.spec.js": {"path":"C:/Users/kmaat/Documents/UNC 2021-2022/Fall 2021/COMP 523/clinispanhealth523/clinispanhealth/clinispanhealth-app/cypress/integration/2-advanced-examples/actions.spec.js","statementMap":{},"fnMap":{},"branchMap":{},"s":{},"f":{},"b":{}}
,"C:/Users/kmaat/Documents/UNC 2021-2022/Fall 2021/COMP 523/clinispanhealth523/clinispanhealth/clinispanhealth-app/cypress/integration/2-advanced-examples/aliasing.spec.js": {"path":"C:/Users/kmaat/Documents/UNC 2021-2022/Fall 2021/COMP 523/clinispanhealth523/clinispanhealth/clinispanhealth-app/cypress/integration/2-advanced-examples/aliasing.spec.js","statementMap":{},"fnMap":{},"branchMap":{},"s":{},"f":{},"b":{}}
,"C:/Users/kmaat/Documents/UNC 2021-2022/Fall 2021/COMP 523/clinispanhealth523/clinispanhealth/clinispanhealth-app/cypress/integration/2-advanced-examples/assertions.spec.js": {"path":"C:/Users/kmaat/Documents/UNC 2021-2022/Fall 2021/COMP 523/clinispanhealth523/clinispanhealth/clinispanhealth-app/cypress/integration/2-advanced-examples/assertions.spec.js","statementMap":{},"fnMap":{},"branchMap":{},"s":{},"f":{},"b":{}}
,"C:/Users/kmaat/Documents/UNC 2021-2022/Fall 2021/COMP 523/clinispanhealth523/clinispanhealth/clinispanhealth-app/cypress/integration/2-advanced-examples/connectors.spec.js": {"path":"C:/Users/kmaat/Documents/UNC 2021-2022/Fall 2021/COMP 523/clinispanhealth523/clinispanhealth/clinispanhealth-app/cypress/integration/2-advanced-examples/connectors.spec.js","statementMap":{},"fnMap":{},"branchMap":{},"s":{},"f":{},"b":{}}
,"C:/Users/kmaat/Documents/UNC 2021-2022/Fall 2021/COMP 523/clinispanhealth523/clinispanhealth/clinispanhealth-app/cypress/integration/2-advanced-examples/cookies.spec.js": {"path":"C:/Users/kmaat/Documents/UNC 2021-2022/Fall 2021/COMP 523/clinispanhealth523/clinispanhealth/clinispanhealth-app/cypress/integration/2-advanced-examples/cookies.spec.js","statementMap":{},"fnMap":{},"branchMap":{},"s":{},"f":{},"b":{}}
,"C:/Users/kmaat/Documents/UNC 2021-2022/Fall 2021/COMP 523/clinispanhealth523/clinispanhealth/clinispanhealth-app/cypress/integration/2-advanced-examples/cypress_api.spec.js": {"path":"C:/Users/kmaat/Documents/UNC 2021-2022/Fall 2021/COMP 523/clinispanhealth523/clinispanhealth/clinispanhealth-app/cypress/integration/2-advanced-examples/cypress_api.spec.js","statementMap":{},"fnMap":{},"branchMap":{},"s":{},"f":{},"b":{}}
,"C:/Users/kmaat/Documents/UNC 2021-2022/Fall 2021/COMP 523/clinispanhealth523/clinispanhealth/clinispanhealth-app/cypress/integration/2-advanced-examples/files.spec.js": {"path":"C:/Users/kmaat/Documents/UNC 2021-2022/Fall 2021/COMP 523/clinispanhealth523/clinispanhealth/clinispanhealth-app/cypress/integration/2-advanced-examples/files.spec.js","statementMap":{},"fnMap":{},"branchMap":{},"s":{},"f":{},"b":{}}
,"C:/Users/kmaat/Documents/UNC 2021-2022/Fall 2021/COMP 523/clinispanhealth523/clinispanhealth/clinispanhealth-app/cypress/integration/2-advanced-examples/local_storage.spec.js": {"path":"C:/Users/kmaat/Documents/UNC 2021-2022/Fall 2021/COMP 523/clinispanhealth523/clinispanhealth/clinispanhealth-app/cypress/integration/2-advanced-examples/local_storage.spec.js","statementMap":{},"fnMap":{},"branchMap":{},"s":{},"f":{},"b":{}}
,"C:/Users/kmaat/Documents/UNC 2021-2022/Fall 2021/COMP 523/clinispanhealth523/clinispanhealth/clinispanhealth-app/cypress/integration/2-advanced-examples/location.spec.js": {"path":"C:/Users/kmaat/Documents/UNC 2021-2022/Fall 2021/COMP 523/clinispanhealth523/clinispanhealth/clinispanhealth-app/cypress/integration/2-advanced-examples/location.spec.js","statementMap":{},"fnMap":{},"branchMap":{},"s":{},"f":{},"b":{}}
,"C:/Users/kmaat/Documents/UNC 2021-2022/Fall 2021/COMP 523/clinispanhealth523/clinispanhealth/clinispanhealth-app/cypress/integration/2-advanced-examples/misc.spec.js": {"path":"C:/Users/kmaat/Documents/UNC 2021-2022/Fall 2021/COMP 523/clinispanhealth523/clinispanhealth/clinispanhealth-app/cypress/integration/2-advanced-examples/misc.spec.js","statementMap":{},"fnMap":{},"branchMap":{},"s":{},"f":{},"b":{}}
,"C:/Users/kmaat/Documents/UNC 2021-2022/Fall 2021/COMP 523/clinispanhealth523/clinispanhealth/clinispanhealth-app/cypress/integration/2-advanced-examples/navigation.spec.js": {"path":"C:/Users/kmaat/Documents/UNC 2021-2022/Fall 2021/COMP 523/clinispanhealth523/clinispanhealth/clinispanhealth-app/cypress/integration/2-advanced-examples/navigation.spec.js","statementMap":{},"fnMap":{},"branchMap":{},"s":{},"f":{},"b":{}}
,"C:/Users/kmaat/Documents/UNC 2021-2022/Fall 2021/COMP 523/clinispanhealth523/clinispanhealth/clinispanhealth-app/cypress/integration/2-advanced-examples/network_requests.spec.js": {"path":"C:/Users/kmaat/Documents/UNC 2021-2022/Fall 2021/COMP 523/clinispanhealth523/clinispanhealth/clinispanhealth-app/cypress/integration/2-advanced-examples/network_requests.spec.js","statementMap":{},"fnMap":{},"branchMap":{},"s":{},"f":{},"b":{}}
,"C:/Users/kmaat/Documents/UNC 2021-2022/Fall 2021/COMP 523/clinispanhealth523/clinispanhealth/clinispanhealth-app/cypress/integration/2-advanced-examples/querying.spec.js": {"path":"C:/Users/kmaat/Documents/UNC 2021-2022/Fall 2021/COMP 523/clinispanhealth523/clinispanhealth/clinispanhealth-app/cypress/integration/2-advanced-examples/querying.spec.js","statementMap":{},"fnMap":{},"branchMap":{},"s":{},"f":{},"b":{}}
,"C:/Users/kmaat/Documents/UNC 2021-2022/Fall 2021/COMP 523/clinispanhealth523/clinispanhealth/clinispanhealth-app/cypress/integration/2-advanced-examples/spies_stubs_clocks.spec.js": {"path":"C:/Users/kmaat/Documents/UNC 2021-2022/Fall 2021/COMP 523/clinispanhealth523/clinispanhealth/clinispanhealth-app/cypress/integration/2-advanced-examples/spies_stubs_clocks.spec.js","statementMap":{},"fnMap":{},"branchMap":{},"s":{},"f":{},"b":{}}
,"C:/Users/kmaat/Documents/UNC 2021-2022/Fall 2021/COMP 523/clinispanhealth523/clinispanhealth/clinispanhealth-app/cypress/integration/2-advanced-examples/traversal.spec.js": {"path":"C:/Users/kmaat/Documents/UNC 2021-2022/Fall 2021/COMP 523/clinispanhealth523/clinispanhealth/clinispanhealth-app/cypress/integration/2-advanced-examples/traversal.spec.js","statementMap":{},"fnMap":{},"branchMap":{},"s":{},"f":{},"b":{}}
,"C:/Users/kmaat/Documents/UNC 2021-2022/Fall 2021/COMP 523/clinispanhealth523/clinispanhealth/clinispanhealth-app/cypress/integration/2-advanced-examples/utilities.spec.js": {"path":"C:/Users/kmaat/Documents/UNC 2021-2022/Fall 2021/COMP 523/clinispanhealth523/clinispanhealth/clinispanhealth-app/cypress/integration/2-advanced-examples/utilities.spec.js","statementMap":{},"fnMap":{},"branchMap":{},"s":{},"f":{},"b":{}}
,"C:/Users/kmaat/Documents/UNC 2021-2022/Fall 2021/COMP 523/clinispanhealth523/clinispanhealth/clinispanhealth-app/cypress/integration/2-advanced-examples/viewport.spec.js": {"path":"C:/Users/kmaat/Documents/UNC 2021-2022/Fall 2021/COMP 523/clinispanhealth523/clinispanhealth/clinispanhealth-app/cypress/integration/2-advanced-examples/viewport.spec.js","statementMap":{},"fnMap":{},"branchMap":{},"s":{},"f":{},"b":{}}
,"C:/Users/kmaat/Documents/UNC 2021-2022/Fall 2021/COMP 523/clinispanhealth523/clinispanhealth/clinispanhealth-app/cypress/integration/2-advanced-examples/waiting.spec.js": {"path":"C:/Users/kmaat/Documents/UNC 2021-2022/Fall 2021/COMP 523/clinispanhealth523/clinispanhealth/clinispanhealth-app/cypress/integration/2-advanced-examples/waiting.spec.js","statementMap":{},"fnMap":{},"branchMap":{},"s":{},"f":{},"b":{}}
,"C:/Users/kmaat/Documents/UNC 2021-2022/Fall 2021/COMP 523/clinispanhealth523/clinispanhealth/clinispanhealth-app/cypress/integration/2-advanced-examples/window.spec.js": {"path":"C:/Users/kmaat/Documents/UNC 2021-2022/Fall 2021/COMP 523/clinispanhealth523/clinispanhealth/clinispanhealth-app/cypress/integration/2-advanced-examples/window.spec.js","statementMap":{},"fnMap":{},"branchMap":{},"s":{},"f":{},"b":{}}
,"C:/Users/kmaat/Documents/UNC 2021-2022/Fall 2021/COMP 523/clinispanhealth523/clinispanhealth/clinispanhealth-app/cypress/plugins/index.js": {"path":"C:/Users/kmaat/Documents/UNC 2021-2022/Fall 2021/COMP 523/clinispanhealth523/clinispanhealth/clinispanhealth-app/cypress/plugins/index.js","statementMap":{},"fnMap":{},"branchMap":{},"s":{},"f":{},"b":{}}
,"C:/Users/kmaat/Documents/UNC 2021-2022/Fall 2021/COMP 523/clinispanhealth523/clinispanhealth/clinispanhealth-app/cypress/support/commands.js": {"path":"C:/Users/kmaat/Documents/UNC 2021-2022/Fall 2021/COMP 523/clinispanhealth523/clinispanhealth/clinispanhealth-app/cypress/support/commands.js","statementMap":{},"fnMap":{},"branchMap":{},"s":{},"f":{},"b":{}}
,"C:/Users/kmaat/Documents/UNC 2021-2022/Fall 2021/COMP 523/clinispanhealth523/clinispanhealth/clinispanhealth-app/cypress/support/index.js": {"path":"C:/Users/kmaat/Documents/UNC 2021-2022/Fall 2021/COMP 523/clinispanhealth523/clinispanhealth/clinispanhealth-app/cypress/support/index.js","statementMap":{},"fnMap":{},"branchMap":{},"s":{},"f":{},"b":{}}
,"C:/Users/kmaat/Documents/UNC 2021-2022/Fall 2021/COMP 523/clinispanhealth523/clinispanhealth/clinispanhealth-app/instrumented/HomePage.js": {"path":"C:/Users/kmaat/Documents/UNC 2021-2022/Fall 2021/COMP 523/clinispanhealth523/clinispanhealth/clinispanhealth-app/instrumented/HomePage.js","statementMap":{},"fnMap":{},"branchMap":{},"s":{},"f":{},"b":{}}
,"C:/Users/kmaat/Documents/UNC 2021-2022/Fall 2021/COMP 523/clinispanhealth523/clinispanhealth/clinispanhealth-app/instrumented/index.js": {"path":"C:/Users/kmaat/Documents/UNC 2021-2022/Fall 2021/COMP 523/clinispanhealth523/clinispanhealth/clinispanhealth-app/instrumented/index.js","statementMap":{},"fnMap":{},"branchMap":{},"s":{},"f":{},"b":{}}
,"C:/Users/kmaat/Documents/UNC 2021-2022/Fall 2021/COMP 523/clinispanhealth523/clinispanhealth/clinispanhealth-app/instrumented/msg.js": {"path":"C:/Users/kmaat/Documents/UNC 2021-2022/Fall 2021/COMP 523/clinispanhealth523/clinispanhealth/clinispanhealth-app/instrumented/msg.js","statementMap":{},"fnMap":{},"branchMap":{},"s":{},"f":{},"b":{}}
,"C:/Users/kmaat/Documents/UNC 2021-2022/Fall 2021/COMP 523/clinispanhealth523/clinispanhealth/clinispanhealth-app/instrumented/components/Banner.js": {"path":"C:/Users/kmaat/Documents/UNC 2021-2022/Fall 2021/COMP 523/clinispanhealth523/clinispanhealth/clinispanhealth-app/instrumented/components/Banner.js","statementMap":{},"fnMap":{},"branchMap":{},"s":{},"f":{},"b":{}}
,"C:/Users/kmaat/Documents/UNC 2021-2022/Fall 2021/COMP 523/clinispanhealth523/clinispanhealth/clinispanhealth-app/instrumented/components/BrowseStudies.js": {"path":"C:/Users/kmaat/Documents/UNC 2021-2022/Fall 2021/COMP 523/clinispanhealth523/clinispanhealth/clinispanhealth-app/instrumented/components/BrowseStudies.js","statementMap":{},"fnMap":{},"branchMap":{},"s":{},"f":{},"b":{}}
,"C:/Users/kmaat/Documents/UNC 2021-2022/Fall 2021/COMP 523/clinispanhealth523/clinispanhealth/clinispanhealth-app/instrumented/components/Checkbox.js": {"path":"C:/Users/kmaat/Documents/UNC 2021-2022/Fall 2021/COMP 523/clinispanhealth523/clinispanhealth/clinispanhealth-app/instrumented/components/Checkbox.js","statementMap":{},"fnMap":{},"branchMap":{},"s":{},"f":{},"b":{}}
,"C:/Users/kmaat/Documents/UNC 2021-2022/Fall 2021/COMP 523/clinispanhealth523/clinispanhealth/clinispanhealth-app/instrumented/components/Dropdown.js": {"path":"C:/Users/kmaat/Documents/UNC 2021-2022/Fall 2021/COMP 523/clinispanhealth523/clinispanhealth/clinispanhealth-app/instrumented/components/Dropdown.js","statementMap":{},"fnMap":{},"branchMap":{},"s":{},"f":{},"b":{}}
,"C:/Users/kmaat/Documents/UNC 2021-2022/Fall 2021/COMP 523/clinispanhealth523/clinispanhealth/clinispanhealth-app/instrumented/components/EnterField.js": {"path":"C:/Users/kmaat/Documents/UNC 2021-2022/Fall 2021/COMP 523/clinispanhealth523/clinispanhealth/clinispanhealth-app/instrumented/components/EnterField.js","statementMap":{},"fnMap":{},"branchMap":{},"s":{},"f":{},"b":{}}
,"C:/Users/kmaat/Documents/UNC 2021-2022/Fall 2021/COMP 523/clinispanhealth523/clinispanhealth/clinispanhealth-app/instrumented/components/FAQ.js": {"path":"C:/Users/kmaat/Documents/UNC 2021-2022/Fall 2021/COMP 523/clinispanhealth523/clinispanhealth/clinispanhealth-app/instrumented/components/FAQ.js","statementMap":{},"fnMap":{},"branchMap":{},"s":{},"f":{},"b":{}}
,"C:/Users/kmaat/Documents/UNC 2021-2022/Fall 2021/COMP 523/clinispanhealth523/clinispanhealth/clinispanhealth-app/instrumented/components/HyperLink.js": {"path":"C:/Users/kmaat/Documents/UNC 2021-2022/Fall 2021/COMP 523/clinispanhealth523/clinispanhealth/clinispanhealth-app/instrumented/components/HyperLink.js","statementMap":{},"fnMap":{},"branchMap":{},"s":{},"f":{},"b":{}}
,"C:/Users/kmaat/Documents/UNC 2021-2022/Fall 2021/COMP 523/clinispanhealth523/clinispanhealth/clinispanhealth-app/instrumented/components/Input.js": {"path":"C:/Users/kmaat/Documents/UNC 2021-2022/Fall 2021/COMP 523/clinispanhealth523/clinispanhealth/clinispanhealth-app/instrumented/components/Input.js","statementMap":{},"fnMap":{},"branchMap":{},"s":{},"f":{},"b":{}}
,"C:/Users/kmaat/Documents/UNC 2021-2022/Fall 2021/COMP 523/clinispanhealth523/clinispanhealth/clinispanhealth-app/instrumented/components/Login.js": {"path":"C:/Users/kmaat/Documents/UNC 2021-2022/Fall 2021/COMP 523/clinispanhealth523/clinispanhealth/clinispanhealth-app/instrumented/components/Login.js","statementMap":{},"fnMap":{},"branchMap":{},"s":{},"f":{},"b":{}}
,"C:/Users/kmaat/Documents/UNC 2021-2022/Fall 2021/COMP 523/clinispanhealth523/clinispanhealth/clinispanhealth-app/instrumented/components/ManageProfile.js": {"path":"C:/Users/kmaat/Documents/UNC 2021-2022/Fall 2021/COMP 523/clinispanhealth523/clinispanhealth/clinispanhealth-app/instrumented/components/ManageProfile.js","statementMap":{},"fnMap":{},"branchMap":{},"s":{},"f":{},"b":{}}
,"C:/Users/kmaat/Documents/UNC 2021-2022/Fall 2021/COMP 523/clinispanhealth523/clinispanhealth/clinispanhealth-app/instrumented/components/NavButton.js": {"path":"C:/Users/kmaat/Documents/UNC 2021-2022/Fall 2021/COMP 523/clinispanhealth523/clinispanhealth/clinispanhealth-app/instrumented/components/NavButton.js","statementMap":{},"fnMap":{},"branchMap":{},"s":{},"f":{},"b":{}}
,"C:/Users/kmaat/Documents/UNC 2021-2022/Fall 2021/COMP 523/clinispanhealth523/clinispanhealth/clinispanhealth-app/instrumented/components/ProfileTile.js": {"path":"C:/Users/kmaat/Documents/UNC 2021-2022/Fall 2021/COMP 523/clinispanhealth523/clinispanhealth/clinispanhealth-app/instrumented/components/ProfileTile.js","statementMap":{},"fnMap":{},"branchMap":{},"s":{},"f":{},"b":{}}
,"C:/Users/kmaat/Documents/UNC 2021-2022/Fall 2021/COMP 523/clinispanhealth523/clinispanhealth/clinispanhealth-app/instrumented/components/SignUpButton.js": {"path":"C:/Users/kmaat/Documents/UNC 2021-2022/Fall 2021/COMP 523/clinispanhealth523/clinispanhealth/clinispanhealth-app/instrumented/components/SignUpButton.js","statementMap":{},"fnMap":{},"branchMap":{},"s":{},"f":{},"b":{}}
,"C:/Users/kmaat/Documents/UNC 2021-2022/Fall 2021/COMP 523/clinispanhealth523/clinispanhealth/clinispanhealth-app/instrumented/components/SignUpHeader.js": {"path":"C:/Users/kmaat/Documents/UNC 2021-2022/Fall 2021/COMP 523/clinispanhealth523/clinispanhealth/clinispanhealth-app/instrumented/components/SignUpHeader.js","statementMap":{},"fnMap":{},"branchMap":{},"s":{},"f":{},"b":{}}
,"C:/Users/kmaat/Documents/UNC 2021-2022/Fall 2021/COMP 523/clinispanhealth523/clinispanhealth/clinispanhealth-app/instrumented/components/StudiesForYou.js": {"path":"C:/Users/kmaat/Documents/UNC 2021-2022/Fall 2021/COMP 523/clinispanhealth523/clinispanhealth/clinispanhealth-app/instrumented/components/StudiesForYou.js","statementMap":{},"fnMap":{},"branchMap":{},"s":{},"f":{},"b":{}}
,"C:/Users/kmaat/Documents/UNC 2021-2022/Fall 2021/COMP 523/clinispanhealth523/clinispanhealth/clinispanhealth-app/instrumented/components/Test.js": {"path":"C:/Users/kmaat/Documents/UNC 2021-2022/Fall 2021/COMP 523/clinispanhealth523/clinispanhealth/clinispanhealth-app/instrumented/components/Test.js","statementMap":{},"fnMap":{},"branchMap":{},"s":{},"f":{},"b":{}}
,"C:/Users/kmaat/Documents/UNC 2021-2022/Fall 2021/COMP 523/clinispanhealth523/clinispanhealth/clinispanhealth-app/instrumented/components/TrialBox.js": {"path":"C:/Users/kmaat/Documents/UNC 2021-2022/Fall 2021/COMP 523/clinispanhealth523/clinispanhealth/clinispanhealth-app/instrumented/components/TrialBox.js","statementMap":{},"fnMap":{},"branchMap":{},"s":{},"f":{},"b":{}}
,"C:/Users/kmaat/Documents/UNC 2021-2022/Fall 2021/COMP 523/clinispanhealth523/clinispanhealth/clinispanhealth-app/instrumented/components/signUp.js": {"path":"C:/Users/kmaat/Documents/UNC 2021-2022/Fall 2021/COMP 523/clinispanhealth523/clinispanhealth/clinispanhealth-app/instrumented/components/signUp.js","statementMap":{},"fnMap":{},"branchMap":{},"s":{},"f":{},"b":{}}
,"C:/Users/kmaat/Documents/UNC 2021-2022/Fall 2021/COMP 523/clinispanhealth523/clinispanhealth/clinispanhealth-app/src/HomePage.js": {"path":"C:/Users/kmaat/Documents/UNC 2021-2022/Fall 2021/COMP 523/clinispanhealth523/clinispanhealth/clinispanhealth-app/src/HomePage.js","statementMap":{},"fnMap":{},"branchMap":{},"s":{},"f":{},"b":{}}
,"C:/Users/kmaat/Documents/UNC 2021-2022/Fall 2021/COMP 523/clinispanhealth523/clinispanhealth/clinispanhealth-app/src/index.js": {"path":"C:/Users/kmaat/Documents/UNC 2021-2022/Fall 2021/COMP 523/clinispanhealth523/clinispanhealth/clinispanhealth-app/src/index.js","statementMap":{},"fnMap":{},"branchMap":{},"s":{},"f":{},"b":{}}
,"C:/Users/kmaat/Documents/UNC 2021-2022/Fall 2021/COMP 523/clinispanhealth523/clinispanhealth/clinispanhealth-app/src/msg.js": {"path":"C:/Users/kmaat/Documents/UNC 2021-2022/Fall 2021/COMP 523/clinispanhealth523/clinispanhealth/clinispanhealth-app/src/msg.js","statementMap":{},"fnMap":{},"branchMap":{},"s":{},"f":{},"b":{}}
,"C:/Users/kmaat/Documents/UNC 2021-2022/Fall 2021/COMP 523/clinispanhealth523/clinispanhealth/clinispanhealth-app/src/components/Banner.js": {"path":"C:/Users/kmaat/Documents/UNC 2021-2022/Fall 2021/COMP 523/clinispanhealth523/clinispanhealth/clinispanhealth-app/src/components/Banner.js","statementMap":{},"fnMap":{},"branchMap":{},"s":{},"f":{},"b":{}}
,"C:/Users/kmaat/Documents/UNC 2021-2022/Fall 2021/COMP 523/clinispanhealth523/clinispanhealth/clinispanhealth-app/src/components/BrowseStudies.js": {"path":"C:/Users/kmaat/Documents/UNC 2021-2022/Fall 2021/COMP 523/clinispanhealth523/clinispanhealth/clinispanhealth-app/src/components/BrowseStudies.js","statementMap":{},"fnMap":{},"branchMap":{},"s":{},"f":{},"b":{}}
,"C:/Users/kmaat/Documents/UNC 2021-2022/Fall 2021/COMP 523/clinispanhealth523/clinispanhealth/clinispanhealth-app/src/components/Checkbox.js": {"path":"C:/Users/kmaat/Documents/UNC 2021-2022/Fall 2021/COMP 523/clinispanhealth523/clinispanhealth/clinispanhealth-app/src/components/Checkbox.js","statementMap":{},"fnMap":{},"branchMap":{},"s":{},"f":{},"b":{}}
,"C:/Users/kmaat/Documents/UNC 2021-2022/Fall 2021/COMP 523/clinispanhealth523/clinispanhealth/clinispanhealth-app/src/components/Dropdown.js": {"path":"C:/Users/kmaat/Documents/UNC 2021-2022/Fall 2021/COMP 523/clinispanhealth523/clinispanhealth/clinispanhealth-app/src/components/Dropdown.js","statementMap":{},"fnMap":{},"branchMap":{},"s":{},"f":{},"b":{}}
,"C:/Users/kmaat/Documents/UNC 2021-2022/Fall 2021/COMP 523/clinispanhealth523/clinispanhealth/clinispanhealth-app/src/components/EnterField.js": {"path":"C:/Users/kmaat/Documents/UNC 2021-2022/Fall 2021/COMP 523/clinispanhealth523/clinispanhealth/clinispanhealth-app/src/components/EnterField.js","statementMap":{},"fnMap":{},"branchMap":{},"s":{},"f":{},"b":{}}
,"C:/Users/kmaat/Documents/UNC 2021-2022/Fall 2021/COMP 523/clinispanhealth523/clinispanhealth/clinispanhealth-app/src/components/FAQ.js": {"path":"C:/Users/kmaat/Documents/UNC 2021-2022/Fall 2021/COMP 523/clinispanhealth523/clinispanhealth/clinispanhealth-app/src/components/FAQ.js","statementMap":{},"fnMap":{},"branchMap":{},"s":{},"f":{},"b":{}}
,"C:/Users/kmaat/Documents/UNC 2021-2022/Fall 2021/COMP 523/clinispanhealth523/clinispanhealth/clinispanhealth-app/src/components/HyperLink.js": {"path":"C:/Users/kmaat/Documents/UNC 2021-2022/Fall 2021/COMP 523/clinispanhealth523/clinispanhealth/clinispanhealth-app/src/components/HyperLink.js","statementMap":{},"fnMap":{},"branchMap":{},"s":{},"f":{},"b":{}}
,"C:/Users/kmaat/Documents/UNC 2021-2022/Fall 2021/COMP 523/clinispanhealth523/clinispanhealth/clinispanhealth-app/src/components/Input.js": {"path":"C:/Users/kmaat/Documents/UNC 2021-2022/Fall 2021/COMP 523/clinispanhealth523/clinispanhealth/clinispanhealth-app/src/components/Input.js","statementMap":{},"fnMap":{},"branchMap":{},"s":{},"f":{},"b":{}}
,"C:/Users/kmaat/Documents/UNC 2021-2022/Fall 2021/COMP 523/clinispanhealth523/clinispanhealth/clinispanhealth-app/src/components/Login.js": {"path":"C:/Users/kmaat/Documents/UNC 2021-2022/Fall 2021/COMP 523/clinispanhealth523/clinispanhealth/clinispanhealth-app/src/components/Login.js","statementMap":{},"fnMap":{},"branchMap":{},"s":{},"f":{},"b":{}}
,"C:/Users/kmaat/Documents/UNC 2021-2022/Fall 2021/COMP 523/clinispanhealth523/clinispanhealth/clinispanhealth-app/src/components/ManageProfile.js": {"path":"C:/Users/kmaat/Documents/UNC 2021-2022/Fall 2021/COMP 523/clinispanhealth523/clinispanhealth/clinispanhealth-app/src/components/ManageProfile.js","statementMap":{},"fnMap":{},"branchMap":{},"s":{},"f":{},"b":{}}
,"C:/Users/kmaat/Documents/UNC 2021-2022/Fall 2021/COMP 523/clinispanhealth523/clinispanhealth/clinispanhealth-app/src/components/NavButton.js": {"path":"C:/Users/kmaat/Documents/UNC 2021-2022/Fall 2021/COMP 523/clinispanhealth523/clinispanhealth/clinispanhealth-app/src/components/NavButton.js","statementMap":{},"fnMap":{},"branchMap":{},"s":{},"f":{},"b":{}}
,"C:/Users/kmaat/Documents/UNC 2021-2022/Fall 2021/COMP 523/clinispanhealth523/clinispanhealth/clinispanhealth-app/src/components/ProfileTile.js": {"path":"C:/Users/kmaat/Documents/UNC 2021-2022/Fall 2021/COMP 523/clinispanhealth523/clinispanhealth/clinispanhealth-app/src/components/ProfileTile.js","statementMap":{},"fnMap":{},"branchMap":{},"s":{},"f":{},"b":{}}
,"C:/Users/kmaat/Documents/UNC 2021-2022/Fall 2021/COMP 523/clinispanhealth523/clinispanhealth/clinispanhealth-app/src/components/SignUpButton.js": {"path":"C:/Users/kmaat/Documents/UNC 2021-2022/Fall 2021/COMP 523/clinispanhealth523/clinispanhealth/clinispanhealth-app/src/components/SignUpButton.js","statementMap":{},"fnMap":{},"branchMap":{},"s":{},"f":{},"b":{}}
,"C:/Users/kmaat/Documents/UNC 2021-2022/Fall 2021/COMP 523/clinispanhealth523/clinispanhealth/clinispanhealth-app/src/components/SignUpHeader.js": {"path":"C:/Users/kmaat/Documents/UNC 2021-2022/Fall 2021/COMP 523/clinispanhealth523/clinispanhealth/clinispanhealth-app/src/components/SignUpHeader.js","statementMap":{},"fnMap":{},"branchMap":{},"s":{},"f":{},"b":{}}
,"C:/Users/kmaat/Documents/UNC 2021-2022/Fall 2021/COMP 523/clinispanhealth523/clinispanhealth/clinispanhealth-app/src/components/StudiesForYou.js": {"path":"C:/Users/kmaat/Documents/UNC 2021-2022/Fall 2021/COMP 523/clinispanhealth523/clinispanhealth/clinispanhealth-app/src/components/StudiesForYou.js","statementMap":{},"fnMap":{},"branchMap":{},"s":{},"f":{},"b":{}}
,"C:/Users/kmaat/Documents/UNC 2021-2022/Fall 2021/COMP 523/clinispanhealth523/clinispanhealth/clinispanhealth-app/src/components/Test.js": {"path":"C:/Users/kmaat/Documents/UNC 2021-2022/Fall 2021/COMP 523/clinispanhealth523/clinispanhealth/clinispanhealth-app/src/components/Test.js","statementMap":{},"fnMap":{},"branchMap":{},"s":{},"f":{},"b":{}}
,"C:/Users/kmaat/Documents/UNC 2021-2022/Fall 2021/COMP 523/clinispanhealth523/clinispanhealth/clinispanhealth-app/src/components/TrialBox.js": {"path":"C:/Users/kmaat/Documents/UNC 2021-2022/Fall 2021/COMP 523/clinispanhealth523/clinispanhealth/clinispanhealth-app/src/components/TrialBox.js","statementMap":{},"fnMap":{},"branchMap":{},"s":{},"f":{},"b":{}}
,"C:/Users/kmaat/Documents/UNC 2021-2022/Fall 2021/COMP 523/clinispanhealth523/clinispanhealth/clinispanhealth-app/src/components/signUp.js": {"path":"C:/Users/kmaat/Documents/UNC 2021-2022/Fall 2021/COMP 523/clinispanhealth523/clinispanhealth/clinispanhealth-app/src/components/signUp.js","statementMap":{},"fnMap":{},"branchMap":{},"s":{},"f":{},"b":{}}
,"C:/Users/kmaat/Documents/UNC 2021-2022/Fall 2021/COMP 523/clinispanhealth523/clinispanhealth/clinispanhealth-app/tests/index.test.js": {"path":"C:/Users/kmaat/Documents/UNC 2021-2022/Fall 2021/COMP 523/clinispanhealth523/clinispanhealth/clinispanhealth-app/tests/index.test.js","statementMap":{},"fnMap":{},"branchMap":{},"s":{},"f":{},"b":{}}
}
