{"total": {"lines":{"total":63,"covered":57,"skipped":0,"pct":90.47},"statements":{"total":63,"covered":57,"skipped":0,"pct":90.47},"functions":{"total":32,"covered":28,"skipped":0,"pct":87.5},"branches":{"total":48,"covered":40,"skipped":0,"pct":83.33},"branchesTrue":{"total":0,"covered":0,"skipped":0,"pct":100}}
,"C:\\Users\\kmaat\\Documents\\UNC 2021-2022\\Fall 2021\\COMP 523\\clinispanhealth523\\clinispanhealth\\clinispanhealth-app\\src\\HomePage.js": {"lines":{"total":6,"covered":6,"skipped":0,"pct":100},"functions":{"total":6,"covered":6,"skipped":0,"pct":100},"statements":{"total":6,"covered":6,"skipped":0,"pct":100},"branches":{"total":0,"covered":0,"skipped":0,"pct":100}}
,"C:\\Users\\kmaat\\Documents\\UNC 2021-2022\\Fall 2021\\COMP 523\\clinispanhealth523\\clinispanhealth\\clinispanhealth-app\\src\\index.js": {"lines":{"total":7,"covered":1,"skipped":0,"pct":14.28},"functions":{"total":4,"covered":0,"skipped":0,"pct":0},"statements":{"total":7,"covered":1,"skipped":0,"pct":14.28},"branches":{"total":2,"covered":0,"skipped":0,"pct":0}}
,"C:\\Users\\kmaat\\Documents\\UNC 2021-2022\\Fall 2021\\COMP 523\\clinispanhealth523\\clinispanhealth\\clinispanhealth-app\\src\\components\\Banner.js": {"lines":{"total":2,"covered":2,"skipped":0,"pct":100},"functions":{"total":1,"covered":1,"skipped":0,"pct":100},"statements":{"total":2,"covered":2,"skipped":0,"pct":100},"branches":{"total":10,"covered":10,"skipped":0,"pct":100}}
,"C:\\Users\\kmaat\\Documents\\UNC 2021-2022\\Fall 2021\\COMP 523\\clinispanhealth523\\clinispanhealth\\clinispanhealth-app\\src\\components\\BrowseStudies.js": {"lines":{"total":10,"covered":10,"skipped":0,"pct":100},"functions":{"total":6,"covered":6,"skipped":0,"pct":100},"statements":{"total":10,"covered":10,"skipped":0,"pct":100},"branches":{"total":2,"covered":2,"skipped":0,"pct":100}}
,"C:\\Users\\kmaat\\Documents\\UNC 2021-2022\\Fall 2021\\COMP 523\\clinispanhealth523\\clinispanhealth\\clinispanhealth-app\\src\\components\\Checkbox.js": {"lines":{"total":4,"covered":4,"skipped":0,"pct":100},"functions":{"total":1,"covered":1,"skipped":0,"pct":100},"statements":{"total":4,"covered":4,"skipped":0,"pct":100},"branches":{"total":6,"covered":4,"skipped":0,"pct":66.66}}
,"C:\\Users\\kmaat\\Documents\\UNC 2021-2022\\Fall 2021\\COMP 523\\clinispanhealth523\\clinispanhealth\\clinispanhealth-app\\src\\components\\Dropdown.js": {"lines":{"total":2,"covered":2,"skipped":0,"pct":100},"functions":{"total":1,"covered":1,"skipped":0,"pct":100},"statements":{"total":2,"covered":2,"skipped":0,"pct":100},"branches":{"total":0,"covered":0,"skipped":0,"pct":100}}
,"C:\\Users\\kmaat\\Documents\\UNC 2021-2022\\Fall 2021\\COMP 523\\clinispanhealth523\\clinispanhealth\\clinispanhealth-app\\src\\components\\EnterField.js": {"lines":{"total":4,"covered":4,"skipped":0,"pct":100},"functions":{"total":1,"covered":1,"skipped":0,"pct":100},"statements":{"total":4,"covered":4,"skipped":0,"pct":100},"branches":{"total":8,"covered":5,"skipped":0,"pct":62.5}}
,"C:\\Users\\kmaat\\Documents\\UNC 2021-2022\\Fall 2021\\COMP 523\\clinispanhealth523\\clinispanhealth\\clinispanhealth-app\\src\\components\\FAQ.js": {"lines":{"total":2,"covered":2,"skipped":0,"pct":100},"functions":{"total":1,"covered":1,"skipped":0,"pct":100},"statements":{"total":2,"covered":2,"skipped":0,"pct":100},"branches":{"total":0,"covered":0,"skipped":0,"pct":100}}
,"C:\\Users\\kmaat\\Documents\\UNC 2021-2022\\Fall 2021\\COMP 523\\clinispanhealth523\\clinispanhealth\\clinispanhealth-app\\src\\components\\HyperLink.js": {"lines":{"total":3,"covered":3,"skipped":0,"pct":100},"functions":{"total":1,"covered":1,"skipped":0,"pct":100},"statements":{"total":3,"covered":3,"skipped":0,"pct":100},"branches":{"total":8,"covered":8,"skipped":0,"pct":100}}
,"C:\\Users\\kmaat\\Documents\\UNC 2021-2022\\Fall 2021\\COMP 523\\clinispanhealth523\\clinispanhealth\\clinispanhealth-app\\src\\components\\Input.js": {"lines":{"total":4,"covered":4,"skipped":0,"pct":100},"functions":{"total":1,"covered":1,"skipped":0,"pct":100},"statements":{"total":4,"covered":4,"skipped":0,"pct":100},"branches":{"total":6,"covered":5,"skipped":0,"pct":83.33}}
,"C:\\Users\\kmaat\\Documents\\UNC 2021-2022\\Fall 2021\\COMP 523\\clinispanhealth523\\clinispanhealth\\clinispanhealth-app\\src\\components\\Login.js": {"lines":{"total":2,"covered":2,"skipped":0,"pct":100},"functions":{"total":1,"covered":1,"skipped":0,"pct":100},"statements":{"total":2,"covered":2,"skipped":0,"pct":100},"branches":{"total":0,"covered":0,"skipped":0,"pct":100}}
,"C:\\Users\\kmaat\\Documents\\UNC 2021-2022\\Fall 2021\\COMP 523\\clinispanhealth523\\clinispanhealth\\clinispanhealth-app\\src\\components\\ManageProfile.js": {"lines":{"total":2,"covered":2,"skipped":0,"pct":100},"functions":{"total":1,"covered":1,"skipped":0,"pct":100},"statements":{"total":2,"covered":2,"skipped":0,"pct":100},"branches":{"total":0,"covered":0,"skipped":0,"pct":100}}
,"C:\\Users\\kmaat\\Documents\\UNC 2021-2022\\Fall 2021\\COMP 523\\clinispanhealth523\\clinispanhealth\\clinispanhealth-app\\src\\components\\NavButton.js": {"lines":{"total":2,"covered":2,"skipped":0,"pct":100},"functions":{"total":1,"covered":1,"skipped":0,"pct":100},"statements":{"total":2,"covered":2,"skipped":0,"pct":100},"branches":{"total":2,"covered":2,"skipped":0,"pct":100}}
,"C:\\Users\\kmaat\\Documents\\UNC 2021-2022\\Fall 2021\\COMP 523\\clinispanhealth523\\clinispanhealth\\clinispanhealth-app\\src\\components\\ProfileTile.js": {"lines":{"total":2,"covered":2,"skipped":0,"pct":100},"functions":{"total":1,"covered":1,"skipped":0,"pct":100},"statements":{"total":2,"covered":2,"skipped":0,"pct":100},"branches":{"total":0,"covered":0,"skipped":0,"pct":100}}
,"C:\\Users\\kmaat\\Documents\\UNC 2021-2022\\Fall 2021\\COMP 523\\clinispanhealth523\\clinispanhealth\\clinispanhealth-app\\src\\components\\SignUpButton.js": {"lines":{"total":3,"covered":3,"skipped":0,"pct":100},"functions":{"total":1,"covered":1,"skipped":0,"pct":100},"statements":{"total":3,"covered":3,"skipped":0,"pct":100},"branches":{"total":2,"covered":2,"skipped":0,"pct":100}}
,"C:\\Users\\kmaat\\Documents\\UNC 2021-2022\\Fall 2021\\COMP 523\\clinispanhealth523\\clinispanhealth\\clinispanhealth-app\\src\\components\\SignUpHeader.js": {"lines":{"total":2,"covered":2,"skipped":0,"pct":100},"functions":{"total":1,"covered":1,"skipped":0,"pct":100},"statements":{"total":2,"covered":2,"skipped":0,"pct":100},"branches":{"total":0,"covered":0,"skipped":0,"pct":100}}
,"C:\\Users\\kmaat\\Documents\\UNC 2021-2022\\Fall 2021\\COMP 523\\clinispanhealth523\\clinispanhealth\\clinispanhealth-app\\src\\components\\StudiesForYou.js": {"lines":{"total":2,"covered":2,"skipped":0,"pct":100},"functions":{"total":1,"covered":1,"skipped":0,"pct":100},"statements":{"total":2,"covered":2,"skipped":0,"pct":100},"branches":{"total":0,"covered":0,"skipped":0,"pct":100}}
,"C:\\Users\\kmaat\\Documents\\UNC 2021-2022\\Fall 2021\\COMP 523\\clinispanhealth523\\clinispanhealth\\clinispanhealth-app\\src\\components\\TrialBox.js": {"lines":{"total":2,"covered":2,"skipped":0,"pct":100},"functions":{"total":1,"covered":1,"skipped":0,"pct":100},"statements":{"total":2,"covered":2,"skipped":0,"pct":100},"branches":{"total":2,"covered":2,"skipped":0,"pct":100}}
,"C:\\Users\\kmaat\\Documents\\UNC 2021-2022\\Fall 2021\\COMP 523\\clinispanhealth523\\clinispanhealth\\clinispanhealth-app\\src\\components\\signUp.js": {"lines":{"total":2,"covered":2,"skipped":0,"pct":100},"functions":{"total":1,"covered":1,"skipped":0,"pct":100},"statements":{"total":2,"covered":2,"skipped":0,"pct":100},"branches":{"total":0,"covered":0,"skipped":0,"pct":100}}
}
