{"C:\\Users\\ckoonce3\\projects\\comp523\\clinispanhealth\\clinispanhealth-app\\src\\HomePage.js": {"path":"C:\\Users\\ckoonce3\\projects\\comp523\\clinispanhealth\\clinispanhealth-app\\src\\HomePage.js","statementMap":{"0":{"start":{"line":11,"column":2},"end":{"line":19,"column":4}},"1":{"start":{"line":24,"column":2},"end":{"line":33,"column":4}},"2":{"start":{"line":37,"column":2},"end":{"line":68,"column":4}},"3":{"start":{"line":72,"column":2},"end":{"line":83,"column":4}},"4":{"start":{"line":87,"column":2},"end":{"line":87,"column":59}},"5":{"start":{"line":92,"column":2},"end":{"line":110,"column":4}}},"fnMap":{"0":{"name":"HomePage","decl":{"start":{"line":10,"column":9},"end":{"line":10,"column":17}},"loc":{"start":{"line":10,"column":20},"end":{"line":20,"column":1}},"line":10},"1":{"name":"ContactBtn","decl":{"start":{"line":23,"column":9},"end":{"line":23,"column":19}},"loc":{"start":{"line":23,"column":22},"end":{"line":34,"column":1}},"line":23},"2":{"name":"Dashboard","decl":{"start":{"line":36,"column":9},"end":{"line":36,"column":18}},"loc":{"start":{"line":36,"column":21},"end":{"line":69,"column":1}},"line":36},"3":{"name":"Dashboard2","decl":{"start":{"line":71,"column":9},"end":{"line":71,"column":19}},"loc":{"start":{"line":71,"column":22},"end":{"line":84,"column":1}},"line":71},"4":{"name":"join","decl":{"start":{"line":86,"column":9},"end":{"line":86,"column":13}},"loc":{"start":{"line":86,"column":16},"end":{"line":88,"column":1}},"line":86},"5":{"name":"Dashboard3","decl":{"start":{"line":90,"column":9},"end":{"line":90,"column":19}},"loc":{"start":{"line":90,"column":22},"end":{"line":111,"column":1}},"line":90}},"branchMap":{},"s":{"0":10,"1":10,"2":10,"3":10,"4":1,"5":10},"f":{"0":10,"1":10,"2":10,"3":10,"4":1,"5":10},"b":{},"_coverageSchema":"1a1c01bbd47fc00a2c39e90264f33305004495a9","hash":"90a7d294207f28e7a683186068907b8f7d1f68b6"}
,"C:\\Users\\ckoonce3\\projects\\comp523\\clinispanhealth\\clinispanhealth-app\\src\\index.js": {"path":"C:\\Users\\ckoonce3\\projects\\comp523\\clinispanhealth\\clinispanhealth-app\\src\\index.js","statementMap":{"0":{"start":{"line":19,"column":0},"end":{"line":36,"column":2}},"1":{"start":{"line":39,"column":26},"end":{"line":39,"column":46}},"2":{"start":{"line":41,"column":2},"end":{"line":45,"column":9}},"3":{"start":{"line":42,"column":4},"end":{"line":44,"column":45}},"4":{"start":{"line":43,"column":21},"end":{"line":43,"column":31}},"5":{"start":{"line":44,"column":22},"end":{"line":44,"column":43}},"6":{"start":{"line":47,"column":2},"end":{"line":49,"column":4}}},"fnMap":{"0":{"name":"Test","decl":{"start":{"line":38,"column":9},"end":{"line":38,"column":13}},"loc":{"start":{"line":38,"column":16},"end":{"line":50,"column":1}},"line":38},"1":{"name":"(anonymous_1)","decl":{"start":{"line":41,"column":18},"end":{"line":41,"column":19}},"loc":{"start":{"line":41,"column":24},"end":{"line":45,"column":3}},"line":41},"2":{"name":"(anonymous_2)","decl":{"start":{"line":43,"column":12},"end":{"line":43,"column":13}},"loc":{"start":{"line":43,"column":21},"end":{"line":43,"column":31}},"line":43},"3":{"name":"(anonymous_3)","decl":{"start":{"line":44,"column":12},"end":{"line":44,"column":13}},"loc":{"start":{"line":44,"column":22},"end":{"line":44,"column":43}},"line":44}},"branchMap":{"0":{"loc":{"start":{"line":48,"column":12},"end":{"line":48,"column":39}},"type":"cond-expr","locations":[{"start":{"line":48,"column":20},"end":{"line":48,"column":32}},{"start":{"line":48,"column":35},"end":{"line":48,"column":39}}],"line":48}},"s":{"0":10,"1":0,"2":0,"3":0,"4":0,"5":0,"6":0},"f":{"0":0,"1":0,"2":0,"3":0},"b":{"0":[0,0]},"_coverageSchema":"1a1c01bbd47fc00a2c39e90264f33305004495a9","hash":"f0c71220efed371e80e13ce1559494e11646596c"}
,"C:\\Users\\ckoonce3\\projects\\comp523\\clinispanhealth\\clinispanhealth-app\\src\\components\\Banner.js": {"path":"C:\\Users\\ckoonce3\\projects\\comp523\\clinispanhealth\\clinispanhealth-app\\src\\components\\Banner.js","statementMap":{"0":{"start":{"line":6,"column":15},"end":{"line":22,"column":1}},"1":{"start":{"line":8,"column":4},"end":{"line":21,"column":6}}},"fnMap":{"0":{"name":"(anonymous_0)","decl":{"start":{"line":6,"column":15},"end":{"line":6,"column":16}},"loc":{"start":{"line":6,"column":28},"end":{"line":22,"column":1}},"line":6}},"branchMap":{"0":{"loc":{"start":{"line":11,"column":58},"end":{"line":11,"column":90}},"type":"cond-expr","locations":[{"start":{"line":11,"column":77},"end":{"line":11,"column":83}},{"start":{"line":11,"column":86},"end":{"line":11,"column":90}}],"line":11},"1":{"loc":{"start":{"line":12,"column":69},"end":{"line":12,"column":112}},"type":"cond-expr","locations":[{"start":{"line":12,"column":99},"end":{"line":12,"column":105}},{"start":{"line":12,"column":108},"end":{"line":12,"column":112}}],"line":12},"2":{"loc":{"start":{"line":13,"column":68},"end":{"line":13,"column":110}},"type":"cond-expr","locations":[{"start":{"line":13,"column":97},"end":{"line":13,"column":103}},{"start":{"line":13,"column":106},"end":{"line":13,"column":110}}],"line":13},"3":{"loc":{"start":{"line":14,"column":68},"end":{"line":14,"column":110}},"type":"cond-expr","locations":[{"start":{"line":14,"column":97},"end":{"line":14,"column":103}},{"start":{"line":14,"column":106},"end":{"line":14,"column":110}}],"line":14},"4":{"loc":{"start":{"line":15,"column":57},"end":{"line":15,"column":88}},"type":"cond-expr","locations":[{"start":{"line":15,"column":75},"end":{"line":15,"column":81}},{"start":{"line":15,"column":84},"end":{"line":15,"column":88}}],"line":15}},"s":{"0":10,"1":38},"f":{"0":38},"b":{"0":[10,28],"1":[4,34],"2":[12,26],"3":[8,30],"4":[4,34]},"_coverageSchema":"1a1c01bbd47fc00a2c39e90264f33305004495a9","hash":"ef95c0e25a1a0a5fd2da8637165759bedb93943e"}
,"C:\\Users\\ckoonce3\\projects\\comp523\\clinispanhealth\\clinispanhealth-app\\src\\components\\BrowseStudies.js": {"path":"C:\\Users\\ckoonce3\\projects\\comp523\\clinispanhealth\\clinispanhealth-app\\src\\components\\BrowseStudies.js","statementMap":{"0":{"start":{"line":8,"column":8},"end":{"line":8,"column":20}},"1":{"start":{"line":10,"column":8},"end":{"line":12,"column":9}},"2":{"start":{"line":16,"column":18},"end":{"line":16,"column":46}},"3":{"start":{"line":17,"column":18},"end":{"line":17,"column":24}},"4":{"start":{"line":30,"column":8},"end":{"line":51,"column":10}},"5":{"start":{"line":47,"column":12},"end":{"line":47,"column":87}},"6":{"start":{"line":50,"column":12},"end":{"line":50,"column":30}},"7":{"start":{"line":54,"column":24},"end":{"line":54,"column":34}},"8":{"start":{"line":55,"column":5},"end":{"line":83,"column":14}},"9":{"start":{"line":77,"column":38},"end":{"line":78,"column":54}}},"fnMap":{"0":{"name":"(anonymous_0)","decl":{"start":{"line":7,"column":8},"end":{"line":7,"column":9}},"loc":{"start":{"line":7,"column":27},"end":{"line":13,"column":5}},"line":7},"1":{"name":"(anonymous_1)","decl":{"start":{"line":15,"column":4},"end":{"line":15,"column":5}},"loc":{"start":{"line":15,"column":24},"end":{"line":52,"column":5}},"line":15},"2":{"name":"(anonymous_2)","decl":{"start":{"line":32,"column":14},"end":{"line":32,"column":15}},"loc":{"start":{"line":32,"column":26},"end":{"line":48,"column":9}},"line":32},"3":{"name":"(anonymous_3)","decl":{"start":{"line":49,"column":15},"end":{"line":49,"column":16}},"loc":{"start":{"line":49,"column":24},"end":{"line":51,"column":9}},"line":49},"4":{"name":"(anonymous_4)","decl":{"start":{"line":53,"column":4},"end":{"line":53,"column":5}},"loc":{"start":{"line":53,"column":14},"end":{"line":84,"column":5}},"line":53},"5":{"name":"(anonymous_5)","decl":{"start":{"line":77,"column":30},"end":{"line":77,"column":31}},"loc":{"start":{"line":77,"column":38},"end":{"line":78,"column":54}},"line":77}},"branchMap":{"0":{"loc":{"start":{"line":76,"column":20},"end":{"line":79,"column":24}},"type":"cond-expr","locations":[{"start":{"line":77,"column":20},"end":{"line":78,"column":55}},{"start":{"line":79,"column":20},"end":{"line":79,"column":24}}],"line":76}},"s":{"0":12,"1":8,"2":4,"3":4,"4":4,"5":2,"6":0,"7":12,"8":12,"9":44},"f":{"0":12,"1":4,"2":2,"3":0,"4":12,"5":44},"b":{"0":[4,8]},"_coverageSchema":"1a1c01bbd47fc00a2c39e90264f33305004495a9","hash":"639e81d838133054cdb512f44fb8d97106393bff"}
,"C:\\Users\\ckoonce3\\projects\\comp523\\clinispanhealth\\clinispanhealth-app\\src\\components\\Checkbox.js": {"path":"C:\\Users\\ckoonce3\\projects\\comp523\\clinispanhealth\\clinispanhealth-app\\src\\components\\Checkbox.js","statementMap":{"0":{"start":{"line":2,"column":17},"end":{"line":13,"column":1}},"1":{"start":{"line":3,"column":17},"end":{"line":3,"column":77}},"2":{"start":{"line":5,"column":24},"end":{"line":5,"column":74}},"3":{"start":{"line":7,"column":4},"end":{"line":12,"column":5}}},"fnMap":{"0":{"name":"(anonymous_0)","decl":{"start":{"line":2,"column":17},"end":{"line":2,"column":18}},"loc":{"start":{"line":2,"column":28},"end":{"line":13,"column":1}},"line":2}},"branchMap":{"0":{"loc":{"start":{"line":3,"column":17},"end":{"line":3,"column":77}},"type":"cond-expr","locations":[{"start":{"line":3,"column":60},"end":{"line":3,"column":66}},{"start":{"line":3,"column":69},"end":{"line":3,"column":77}}],"line":3},"1":{"loc":{"start":{"line":3,"column":17},"end":{"line":3,"column":57}},"type":"binary-expr","locations":[{"start":{"line":3,"column":17},"end":{"line":3,"column":39}},{"start":{"line":3,"column":43},"end":{"line":3,"column":57}}],"line":3},"2":{"loc":{"start":{"line":5,"column":24},"end":{"line":5,"column":74}},"type":"cond-expr","locations":[{"start":{"line":5,"column":52},"end":{"line":5,"column":69}},{"start":{"line":5,"column":72},"end":{"line":5,"column":74}}],"line":5}},"s":{"0":10,"1":192,"2":192,"3":192},"f":{"0":192},"b":{"0":[192,0],"1":[192,192],"2":[0,192]},"_coverageSchema":"1a1c01bbd47fc00a2c39e90264f33305004495a9","hash":"1e9a698601c11995dbcf02ba73fd1235937a6d9d"}
,"C:\\Users\\ckoonce3\\projects\\comp523\\clinispanhealth\\clinispanhealth-app\\src\\components\\Dropdown.js": {"path":"C:\\Users\\ckoonce3\\projects\\comp523\\clinispanhealth\\clinispanhealth-app\\src\\components\\Dropdown.js","statementMap":{"0":{"start":{"line":4,"column":17},"end":{"line":12,"column":1}},"1":{"start":{"line":6,"column":4},"end":{"line":11,"column":5}}},"fnMap":{"0":{"name":"(anonymous_0)","decl":{"start":{"line":4,"column":17},"end":{"line":4,"column":18}},"loc":{"start":{"line":4,"column":28},"end":{"line":12,"column":1}},"line":4}},"branchMap":{},"s":{"0":10,"1":20},"f":{"0":20},"b":{},"_coverageSchema":"1a1c01bbd47fc00a2c39e90264f33305004495a9","hash":"45cc2efdf339184392b5a1374d6636bd4178a71b"}
,"C:\\Users\\ckoonce3\\projects\\comp523\\clinispanhealth\\clinispanhealth-app\\src\\components\\EnterField.js": {"path":"C:\\Users\\ckoonce3\\projects\\comp523\\clinispanhealth\\clinispanhealth-app\\src\\components\\EnterField.js","statementMap":{"0":{"start":{"line":2,"column":19},"end":{"line":11,"column":1}},"1":{"start":{"line":3,"column":17},"end":{"line":3,"column":93}},"2":{"start":{"line":4,"column":24},"end":{"line":4,"column":74}},"3":{"start":{"line":5,"column":4},"end":{"line":10,"column":5}}},"fnMap":{"0":{"name":"(anonymous_0)","decl":{"start":{"line":2,"column":19},"end":{"line":2,"column":20}},"loc":{"start":{"line":2,"column":30},"end":{"line":11,"column":1}},"line":2}},"branchMap":{"0":{"loc":{"start":{"line":3,"column":17},"end":{"line":3,"column":93}},"type":"cond-expr","locations":[{"start":{"line":3,"column":76},"end":{"line":3,"column":82}},{"start":{"line":3,"column":85},"end":{"line":3,"column":93}}],"line":3},"1":{"loc":{"start":{"line":3,"column":17},"end":{"line":3,"column":73}},"type":"binary-expr","locations":[{"start":{"line":3,"column":17},"end":{"line":3,"column":39}},{"start":{"line":3,"column":43},"end":{"line":3,"column":57}},{"start":{"line":3,"column":61},"end":{"line":3,"column":65}},{"start":{"line":3,"column":69},"end":{"line":3,"column":73}}],"line":3},"2":{"loc":{"start":{"line":4,"column":24},"end":{"line":4,"column":74}},"type":"cond-expr","locations":[{"start":{"line":4,"column":52},"end":{"line":4,"column":69}},{"start":{"line":4,"column":72},"end":{"line":4,"column":74}}],"line":4}},"s":{"0":10,"1":174,"2":164,"3":164},"f":{"0":174},"b":{"0":[164,0],"1":[174,122,0,0],"2":[42,122]},"_coverageSchema":"1a1c01bbd47fc00a2c39e90264f33305004495a9","hash":"baad9850f2783b1fe9f94a4fba07ad12edb56231"}
,"C:\\Users\\ckoonce3\\projects\\comp523\\clinispanhealth\\clinispanhealth-app\\src\\components\\FAQ.js": {"path":"C:\\Users\\ckoonce3\\projects\\comp523\\clinispanhealth\\clinispanhealth-app\\src\\components\\FAQ.js","statementMap":{"0":{"start":{"line":4,"column":12},"end":{"line":30,"column":1}},"1":{"start":{"line":5,"column":4},"end":{"line":29,"column":6}}},"fnMap":{"0":{"name":"(anonymous_0)","decl":{"start":{"line":4,"column":12},"end":{"line":4,"column":13}},"loc":{"start":{"line":4,"column":18},"end":{"line":30,"column":1}},"line":4}},"branchMap":{},"s":{"0":10,"1":4},"f":{"0":4},"b":{},"_coverageSchema":"1a1c01bbd47fc00a2c39e90264f33305004495a9","hash":"3ad1786f6b938be154e8767daa8598b8f9303929"}
,"C:\\Users\\ckoonce3\\projects\\comp523\\clinispanhealth\\clinispanhealth-app\\src\\components\\HyperLink.js": {"path":"C:\\Users\\ckoonce3\\projects\\comp523\\clinispanhealth\\clinispanhealth-app\\src\\components\\HyperLink.js","statementMap":{"0":{"start":{"line":4,"column":18},"end":{"line":15,"column":1}},"1":{"start":{"line":5,"column":13},"end":{"line":5,"column":59}},"2":{"start":{"line":6,"column":4},"end":{"line":14,"column":5}}},"fnMap":{"0":{"name":"(anonymous_0)","decl":{"start":{"line":4,"column":18},"end":{"line":4,"column":19}},"loc":{"start":{"line":4,"column":30},"end":{"line":15,"column":1}},"line":4}},"branchMap":{"0":{"loc":{"start":{"line":5,"column":13},"end":{"line":5,"column":59}},"type":"cond-expr","locations":[{"start":{"line":5,"column":33},"end":{"line":5,"column":49}},{"start":{"line":5,"column":52},"end":{"line":5,"column":59}}],"line":5},"1":{"loc":{"start":{"line":9,"column":23},"end":{"line":9,"column":62}},"type":"cond-expr","locations":[{"start":{"line":9,"column":43},"end":{"line":9,"column":50}},{"start":{"line":9,"column":53},"end":{"line":9,"column":62}}],"line":9},"2":{"loc":{"start":{"line":10,"column":29},"end":{"line":10,"column":71}},"type":"cond-expr","locations":[{"start":{"line":10,"column":49},"end":{"line":10,"column":66}},{"start":{"line":10,"column":69},"end":{"line":10,"column":71}}],"line":10},"3":{"loc":{"start":{"line":11,"column":28},"end":{"line":11,"column":65}},"type":"cond-expr","locations":[{"start":{"line":11,"column":48},"end":{"line":11,"column":54}},{"start":{"line":11,"column":57},"end":{"line":11,"column":65}}],"line":11}},"s":{"0":10,"1":44,"2":44},"f":{"0":44},"b":{"0":[22,22],"1":[22,22],"2":[22,22],"3":[22,22]},"_coverageSchema":"1a1c01bbd47fc00a2c39e90264f33305004495a9","hash":"6a24f1ce62c80951ca2b47069b77f598b488a2ec"}
,"C:\\Users\\ckoonce3\\projects\\comp523\\clinispanhealth\\clinispanhealth-app\\src\\components\\Input.js": {"path":"C:\\Users\\ckoonce3\\projects\\comp523\\clinispanhealth\\clinispanhealth-app\\src\\components\\Input.js","statementMap":{"0":{"start":{"line":2,"column":14},"end":{"line":13,"column":1}},"1":{"start":{"line":3,"column":17},"end":{"line":3,"column":77}},"2":{"start":{"line":5,"column":24},"end":{"line":5,"column":74}},"3":{"start":{"line":7,"column":4},"end":{"line":12,"column":5}}},"fnMap":{"0":{"name":"(anonymous_0)","decl":{"start":{"line":2,"column":14},"end":{"line":2,"column":15}},"loc":{"start":{"line":2,"column":25},"end":{"line":13,"column":1}},"line":2}},"branchMap":{"0":{"loc":{"start":{"line":3,"column":17},"end":{"line":3,"column":77}},"type":"cond-expr","locations":[{"start":{"line":3,"column":60},"end":{"line":3,"column":66}},{"start":{"line":3,"column":69},"end":{"line":3,"column":77}}],"line":3},"1":{"loc":{"start":{"line":3,"column":17},"end":{"line":3,"column":57}},"type":"binary-expr","locations":[{"start":{"line":3,"column":17},"end":{"line":3,"column":39}},{"start":{"line":3,"column":43},"end":{"line":3,"column":57}}],"line":3},"2":{"loc":{"start":{"line":5,"column":24},"end":{"line":5,"column":74}},"type":"cond-expr","locations":[{"start":{"line":5,"column":52},"end":{"line":5,"column":69}},{"start":{"line":5,"column":72},"end":{"line":5,"column":74}}],"line":5}},"s":{"0":10,"1":80,"2":80,"3":80},"f":{"0":80},"b":{"0":[80,0],"1":[80,80],"2":[8,72]},"_coverageSchema":"1a1c01bbd47fc00a2c39e90264f33305004495a9","hash":"034151b6737a8232906faaf918cfa0636c9f59aa"}
,"C:\\Users\\ckoonce3\\projects\\comp523\\clinispanhealth\\clinispanhealth-app\\src\\components\\Login.js": {"path":"C:\\Users\\ckoonce3\\projects\\comp523\\clinispanhealth\\clinispanhealth-app\\src\\components\\Login.js","statementMap":{"0":{"start":{"line":5,"column":14},"end":{"line":19,"column":1}},"1":{"start":{"line":6,"column":4},"end":{"line":18,"column":5}}},"fnMap":{"0":{"name":"(anonymous_0)","decl":{"start":{"line":5,"column":14},"end":{"line":5,"column":15}},"loc":{"start":{"line":5,"column":20},"end":{"line":19,"column":1}},"line":5}},"branchMap":{},"s":{"0":10,"1":2},"f":{"0":2},"b":{},"_coverageSchema":"1a1c01bbd47fc00a2c39e90264f33305004495a9","hash":"0a58b244e6fc450ed09560c216e4f9917fb88be2"}
,"C:\\Users\\ckoonce3\\projects\\comp523\\clinispanhealth\\clinispanhealth-app\\src\\components\\ManageProfile.js": {"path":"C:\\Users\\ckoonce3\\projects\\comp523\\clinispanhealth\\clinispanhealth-app\\src\\components\\ManageProfile.js","statementMap":{"0":{"start":{"line":4,"column":22},"end":{"line":11,"column":1}},"1":{"start":{"line":5,"column":4},"end":{"line":10,"column":6}}},"fnMap":{"0":{"name":"(anonymous_0)","decl":{"start":{"line":4,"column":22},"end":{"line":4,"column":23}},"loc":{"start":{"line":4,"column":28},"end":{"line":11,"column":1}},"line":4}},"branchMap":{},"s":{"0":10,"1":8},"f":{"0":8},"b":{},"_coverageSchema":"1a1c01bbd47fc00a2c39e90264f33305004495a9","hash":"2e4a0d5b2017c21cabe9282afc6d75ef7fdbf34f"}
,"C:\\Users\\ckoonce3\\projects\\comp523\\clinispanhealth\\clinispanhealth-app\\src\\components\\NavButton.js": {"path":"C:\\Users\\ckoonce3\\projects\\comp523\\clinispanhealth\\clinispanhealth-app\\src\\components\\NavButton.js","statementMap":{"0":{"start":{"line":3,"column":18},"end":{"line":7,"column":1}},"1":{"start":{"line":4,"column":4},"end":{"line":6,"column":6}}},"fnMap":{"0":{"name":"(anonymous_0)","decl":{"start":{"line":3,"column":18},"end":{"line":3,"column":19}},"loc":{"start":{"line":3,"column":45},"end":{"line":7,"column":1}},"line":3}},"branchMap":{"0":{"loc":{"start":{"line":5,"column":30},"end":{"line":5,"column":61}},"type":"cond-expr","locations":[{"start":{"line":5,"column":48},"end":{"line":5,"column":54}},{"start":{"line":5,"column":57},"end":{"line":5,"column":61}}],"line":5}},"s":{"0":10,"1":190},"f":{"0":190},"b":{"0":[38,152]},"_coverageSchema":"1a1c01bbd47fc00a2c39e90264f33305004495a9","hash":"34bc50dc81082fa9cb12f96ab31241f6f1f9cc39"}
,"C:\\Users\\ckoonce3\\projects\\comp523\\clinispanhealth\\clinispanhealth-app\\src\\components\\ProfileTile.js": {"path":"C:\\Users\\ckoonce3\\projects\\comp523\\clinispanhealth\\clinispanhealth-app\\src\\components\\ProfileTile.js","statementMap":{"0":{"start":{"line":4,"column":20},"end":{"line":88,"column":1}},"1":{"start":{"line":5,"column":4},"end":{"line":87,"column":6}}},"fnMap":{"0":{"name":"(anonymous_0)","decl":{"start":{"line":4,"column":20},"end":{"line":4,"column":21}},"loc":{"start":{"line":4,"column":26},"end":{"line":88,"column":1}},"line":4}},"branchMap":{},"s":{"0":10,"1":8},"f":{"0":8},"b":{},"_coverageSchema":"1a1c01bbd47fc00a2c39e90264f33305004495a9","hash":"26c00b0b6478c5f10b16c8a674ad71629d042980"}
,"C:\\Users\\ckoonce3\\projects\\comp523\\clinispanhealth\\clinispanhealth-app\\src\\components\\SignUpButton.js": {"path":"C:\\Users\\ckoonce3\\projects\\comp523\\clinispanhealth\\clinispanhealth-app\\src\\components\\SignUpButton.js","statementMap":{"0":{"start":{"line":7,"column":21},"end":{"line":13,"column":1}},"1":{"start":{"line":8,"column":19},"end":{"line":8,"column":65}},"2":{"start":{"line":10,"column":4},"end":{"line":12,"column":5}}},"fnMap":{"0":{"name":"(anonymous_0)","decl":{"start":{"line":7,"column":21},"end":{"line":7,"column":22}},"loc":{"start":{"line":7,"column":44},"end":{"line":13,"column":1}},"line":7}},"branchMap":{"0":{"loc":{"start":{"line":8,"column":19},"end":{"line":8,"column":65}},"type":"cond-expr","locations":[{"start":{"line":8,"column":42},"end":{"line":8,"column":48}},{"start":{"line":8,"column":51},"end":{"line":8,"column":65}}],"line":8}},"s":{"0":10,"1":44,"2":44},"f":{"0":44},"b":{"0":[22,22]},"_coverageSchema":"1a1c01bbd47fc00a2c39e90264f33305004495a9","hash":"9568ae7b01f603e8bf3d9d049f9c7d6d3149327f"}
,"C:\\Users\\ckoonce3\\projects\\comp523\\clinispanhealth\\clinispanhealth-app\\src\\components\\SignUpHeader.js": {"path":"C:\\Users\\ckoonce3\\projects\\comp523\\clinispanhealth\\clinispanhealth-app\\src\\components\\SignUpHeader.js","statementMap":{"0":{"start":{"line":11,"column":21},"end":{"line":34,"column":1}},"1":{"start":{"line":12,"column":4},"end":{"line":33,"column":5}}},"fnMap":{"0":{"name":"(anonymous_0)","decl":{"start":{"line":11,"column":21},"end":{"line":11,"column":22}},"loc":{"start":{"line":11,"column":27},"end":{"line":34,"column":1}},"line":11}},"branchMap":{},"s":{"0":10,"1":22},"f":{"0":22},"b":{},"_coverageSchema":"1a1c01bbd47fc00a2c39e90264f33305004495a9","hash":"7789071147ece1ab3f9bed601902f67fb39b1aba"}
,"C:\\Users\\ckoonce3\\projects\\comp523\\clinispanhealth\\clinispanhealth-app\\src\\components\\StudiesForYou.js": {"path":"C:\\Users\\ckoonce3\\projects\\comp523\\clinispanhealth\\clinispanhealth-app\\src\\components\\StudiesForYou.js","statementMap":{"0":{"start":{"line":3,"column":22},"end":{"line":9,"column":1}},"1":{"start":{"line":4,"column":4},"end":{"line":8,"column":6}}},"fnMap":{"0":{"name":"(anonymous_0)","decl":{"start":{"line":3,"column":22},"end":{"line":3,"column":23}},"loc":{"start":{"line":3,"column":28},"end":{"line":9,"column":1}},"line":3}},"branchMap":{},"s":{"0":10,"1":4},"f":{"0":4},"b":{},"_coverageSchema":"1a1c01bbd47fc00a2c39e90264f33305004495a9","hash":"8a1f77b4844c191410d2a4c24947594aacff5c5f"}
,"C:\\Users\\ckoonce3\\projects\\comp523\\clinispanhealth\\clinispanhealth-app\\src\\components\\TrialBox.js": {"path":"C:\\Users\\ckoonce3\\projects\\comp523\\clinispanhealth\\clinispanhealth-app\\src\\components\\TrialBox.js","statementMap":{"0":{"start":{"line":3,"column":17},"end":{"line":14,"column":1}},"1":{"start":{"line":4,"column":4},"end":{"line":13,"column":5}}},"fnMap":{"0":{"name":"(anonymous_0)","decl":{"start":{"line":3,"column":17},"end":{"line":3,"column":18}},"loc":{"start":{"line":3,"column":40},"end":{"line":14,"column":1}},"line":3}},"branchMap":{"0":{"loc":{"start":{"line":9,"column":39},"end":{"line":9,"column":85}},"type":"cond-expr","locations":[{"start":{"line":9,"column":63},"end":{"line":9,"column":71}},{"start":{"line":9,"column":74},"end":{"line":9,"column":85}}],"line":9}},"s":{"0":10,"1":44},"f":{"0":44},"b":{"0":[36,8]},"_coverageSchema":"1a1c01bbd47fc00a2c39e90264f33305004495a9","hash":"c16771c9bfe57575bb3a1d09805b5e03867dce58"}
,"C:\\Users\\ckoonce3\\projects\\comp523\\clinispanhealth\\clinispanhealth-app\\src\\components\\signUp.js": {"path":"C:\\Users\\ckoonce3\\projects\\comp523\\clinispanhealth\\clinispanhealth-app\\src\\components\\signUp.js","statementMap":{"0":{"start":{"line":5,"column":15},"end":{"line":25,"column":1}},"1":{"start":{"line":6,"column":4},"end":{"line":24,"column":5}}},"fnMap":{"0":{"name":"(anonymous_0)","decl":{"start":{"line":5,"column":15},"end":{"line":5,"column":16}},"loc":{"start":{"line":5,"column":21},"end":{"line":25,"column":1}},"line":5}},"branchMap":{},"s":{"0":10,"1":30},"f":{"0":30},"b":{},"_coverageSchema":"1a1c01bbd47fc00a2c39e90264f33305004495a9","hash":"7d837112250cce134cc39edcff2b619eb3792fd1"}
}
