TN:
SF:src\HomePage.js
FN:11,HomePage
FN:24,ContactBtn
FN:37,Dashboard
FN:78,Dashboard2
FN:93,join
FN:97,Dashboard3
FNF:6
FNH:6
FNDA:14,HomePage
FNDA:14,ContactBtn
FNDA:14,Dashboard
FNDA:14,Dashboard2
FNDA:2,join
FNDA:14,Dashboard3
DA:12,14
DA:25,14
DA:38,14
DA:79,14
DA:94,2
DA:99,14
LF:6
LH:6
BRF:0
BRH:0
end_of_record
TN:
SF:src\index.js
FN:38,Test
FN:41,(anonymous_1)
FN:43,(anonymous_2)
FN:44,(anonymous_3)
FNF:4
FNH:0
FNDA:0,Test
FNDA:0,(anonymous_1)
FNDA:0,(anonymous_2)
FNDA:0,(anonymous_3)
DA:19,13
DA:39,0
DA:41,0
DA:42,0
DA:43,0
DA:44,0
DA:47,0
LF:7
LH:1
BRDA:48,0,0,0
BRDA:48,0,1,0
BRF:2
BRH:0
end_of_record
TN:
SF:src\apis\api.js
FN:3,getUser
FN:8,(anonymous_1)
FNF:2
FNH:1
FNDA:12,getUser
FNDA:0,(anonymous_1)
DA:5,12
DA:9,0
DA:11,0
LF:3
LH:1
BRF:0
BRH:0
end_of_record
TN:
SF:src\apis\signUpSubmit.js
FN:4,signUp
FN:35,(anonymous_1)
FN:58,testName
FN:68,testEmail
FNF:4
FNH:0
FNDA:0,signUp
FNDA:0,(anonymous_1)
FNDA:0,testName
FNDA:0,testEmail
DA:22,0
DA:36,0
DA:54,0
DA:60,0
DA:62,0
DA:63,0
DA:70,0
LF:7
LH:0
BRDA:60,0,0,0
BRDA:60,0,1,0
BRDA:62,1,0,0
BRDA:62,1,1,0
BRDA:70,2,0,0
BRDA:70,2,1,0
BRF:6
BRH:0
end_of_record
TN:
SF:src\components\Banner.js
FN:6,(anonymous_0)
FNF:1
FNH:1
FNDA:40,(anonymous_0)
DA:6,13
DA:8,40
LF:2
LH:2
BRDA:11,0,0,14
BRDA:11,0,1,26
BRDA:12,1,0,4
BRDA:12,1,1,36
BRDA:13,2,0,12
BRDA:13,2,1,28
BRDA:14,3,0,8
BRDA:14,3,1,32
BRDA:15,4,0,2
BRDA:15,4,1,38
BRF:10
BRH:10
end_of_record
TN:
SF:src\components\BrowseStudies.js
FN:7,(anonymous_0)
FN:15,(anonymous_1)
FN:32,(anonymous_2)
FN:49,(anonymous_3)
FN:53,(anonymous_4)
FN:83,(anonymous_5)
FNF:6
FNH:5
FNDA:12,(anonymous_0)
FNDA:4,(anonymous_1)
FNDA:4,(anonymous_2)
FNDA:0,(anonymous_3)
FNDA:12,(anonymous_4)
FNDA:44,(anonymous_5)
DA:8,12
DA:10,8
DA:16,4
DA:17,4
DA:30,4
DA:47,4
DA:50,0
DA:54,12
DA:55,12
DA:83,44
LF:10
LH:9
BRDA:82,0,0,4
BRDA:82,0,1,8
BRF:2
BRH:2
end_of_record
TN:
SF:src\components\Dropdown.js
FN:5,(anonymous_0)
FN:22,handleClick
FNF:2
FNH:2
FNDA:12,(anonymous_0)
FNDA:2,handleClick
DA:5,13
DA:7,12
DA:9,12
DA:11,12
DA:12,12
DA:13,12
DA:14,12
DA:15,12
DA:17,12
DA:18,12
DA:19,12
DA:23,2
DA:25,1
DA:27,1
DA:28,1
DA:30,1
DA:31,1
DA:34,1
DA:36,1
DA:37,1
DA:38,1
DA:39,1
DA:40,1
DA:41,1
DA:42,1
DA:44,1
DA:46,1
DA:48,1
DA:49,1
DA:53,12
LF:30
LH:30
BRDA:23,0,0,1
BRDA:23,0,1,1
BRF:2
BRH:2
end_of_record
TN:
SF:src\components\FAQ.js
FN:5,(anonymous_0)
FNF:1
FNH:1
FNDA:2,(anonymous_0)
DA:5,13
DA:6,2
LF:2
LH:2
BRF:0
BRH:0
end_of_record
TN:
SF:src\components\HyperLink.js
FN:4,(anonymous_0)
FNF:1
FNH:1
FNDA:812,(anonymous_0)
DA:4,13
DA:5,812
DA:6,812
LF:3
LH:3
BRDA:5,0,0,406
BRDA:5,0,1,406
BRDA:9,1,0,406
BRDA:9,1,1,406
BRDA:10,2,0,406
BRDA:10,2,1,406
BRDA:11,3,0,406
BRDA:11,3,1,406
BRF:8
BRH:8
end_of_record
TN:
SF:src\components\Login.js
FN:8,(anonymous_0)
FN:19,(anonymous_1)
FN:22,(anonymous_2)
FN:25,(anonymous_3)
FNF:4
FNH:3
FNDA:132,(anonymous_0)
FNDA:64,(anonymous_1)
FNDA:126,(anonymous_2)
FNDA:0,(anonymous_3)
DA:7,13
DA:8,13
DA:13,132
DA:19,132
DA:20,64
DA:21,64
DA:22,126
DA:25,132
DA:26,0
DA:29,0
DA:34,0
DA:37,0
DA:40,132
DA:41,0
DA:53,132
DA:54,0
DA:55,0
DA:67,132
LF:18
LH:11
BRDA:40,0,0,0
BRDA:40,0,1,132
BRDA:53,1,0,0
BRDA:53,1,1,132
BRDA:78,2,0,132
BRDA:78,2,1,4
BRDA:87,3,0,132
BRDA:87,3,1,88
BRF:8
BRH:6
end_of_record
TN:
SF:src\components\ManageProfile.js
FN:5,(anonymous_0)
FNF:1
FNH:1
FNDA:12,(anonymous_0)
DA:5,13
DA:6,12
LF:2
LH:2
BRF:0
BRH:0
end_of_record
TN:
SF:src\components\NavButton.js
FN:3,(anonymous_0)
FNF:1
FNH:1
FNDA:200,(anonymous_0)
DA:3,13
DA:4,200
LF:2
LH:2
BRDA:5,0,0,40
BRDA:5,0,1,160
BRF:2
BRH:2
end_of_record
TN:
SF:src\components\ProfileTile.js
FN:5,(anonymous_0)
FN:9,(anonymous_1)
FN:61,(anonymous_2)
FN:64,(anonymous_3)
FN:67,(anonymous_4)
FN:70,(anonymous_5)
FN:73,(anonymous_6)
FNF:7
FNH:1
FNDA:12,(anonymous_0)
FNDA:0,(anonymous_1)
FNDA:0,(anonymous_2)
FNDA:0,(anonymous_3)
FNDA:0,(anonymous_4)
FNDA:0,(anonymous_5)
FNDA:0,(anonymous_6)
DA:4,13
DA:5,13
DA:8,12
DA:11,0
DA:14,12
DA:36,0
DA:61,0
DA:62,0
DA:63,0
DA:64,0
DA:67,0
DA:68,0
DA:69,0
DA:70,0
DA:73,0
DA:74,0
DA:77,0
LF:17
LH:4
BRDA:4,0,0,0
BRDA:4,0,1,13
BRDA:116,1,0,0
BRDA:116,1,1,0
BRDA:127,2,0,0
BRDA:127,2,1,0
BRDA:164,3,0,0
BRDA:164,3,1,0
BRDA:183,4,0,0
BRDA:183,4,1,0
BRDA:194,5,0,0
BRDA:194,5,1,0
BRDA:211,6,0,0
BRDA:211,6,1,0
BRF:14
BRH:1
end_of_record
TN:
SF:src\components\SignUpButton.js
FN:7,(anonymous_0)
FNF:1
FNH:1
FNDA:538,(anonymous_0)
DA:7,13
DA:8,538
DA:10,538
LF:3
LH:3
BRDA:8,0,0,132
BRDA:8,0,1,406
BRF:2
BRH:2
end_of_record
TN:
SF:src\components\SignUpHeader.js
FN:11,(anonymous_0)
FNF:1
FNH:1
FNDA:406,(anonymous_0)
DA:11,13
DA:12,406
LF:2
LH:2
BRF:0
BRH:0
end_of_record
TN:
SF:src\components\StudiesForYou.js
FN:7,(anonymous_0)
FN:15,(anonymous_1)
FN:32,(anonymous_2)
FN:49,(anonymous_3)
FN:53,(anonymous_4)
FN:81,(anonymous_5)
FNF:6
FNH:4
FNDA:6,(anonymous_0)
FNDA:2,(anonymous_1)
FNDA:2,(anonymous_2)
FNDA:0,(anonymous_3)
FNDA:4,(anonymous_4)
FNDA:0,(anonymous_5)
DA:8,6
DA:10,4
DA:16,2
DA:17,2
DA:30,2
DA:47,2
DA:50,0
DA:54,4
DA:55,4
DA:81,0
LF:10
LH:8
BRDA:80,0,0,0
BRDA:80,0,1,4
BRF:2
BRH:1
end_of_record
TN:
SF:src\components\TrialBox.js
FN:3,(anonymous_0)
FNF:1
FNH:1
FNDA:44,(anonymous_0)
DA:3,13
DA:4,44
LF:2
LH:2
BRDA:9,0,0,16
BRDA:9,0,1,28
BRF:2
BRH:2
end_of_record
TN:
SF:src\components\signUp.js
FN:9,(anonymous_0)
FN:22,(anonymous_1)
FN:25,(anonymous_2)
FN:28,(anonymous_3)
FN:36,(anonymous_4)
FNF:5
FNH:3
FNDA:274,(anonymous_0)
FNDA:124,(anonymous_1)
FNDA:246,(anonymous_2)
FNDA:0,(anonymous_3)
FNDA:0,(anonymous_4)
DA:9,13
DA:11,274
DA:22,274
DA:23,124
DA:24,124
DA:25,246
DA:28,274
DA:29,0
DA:30,0
DA:33,274
DA:35,274
DA:36,0
DA:37,0
DA:39,0
DA:51,274
LF:15
LH:10
BRDA:35,0,0,0
BRDA:35,0,1,274
BRDA:62,1,0,274
BRDA:62,1,1,26
BRDA:70,2,0,274
BRDA:70,2,1,110
BRDA:78,3,0,274
BRDA:78,3,1,154
BRDA:87,4,0,274
BRDA:87,4,1,274
BRDA:95,5,0,274
BRDA:95,5,1,274
BRDA:103,6,0,274
BRDA:103,6,1,198
BRDA:111,7,0,274
BRDA:111,7,1,218
BRDA:120,8,0,274
BRDA:120,8,1,274
BRF:18
BRH:17
end_of_record
