TN:
SF:src\HomePage.js
FN:11,HomePage
FN:24,ContactBtn
FN:37,Dashboard
FN:82,Dashboard2
FN:97,join
FN:101,Dashboard3
FNF:6
FNH:6
FNDA:16,HomePage
FNDA:16,ContactBtn
FNDA:16,Dashboard
FNDA:16,Dashboard2
FNDA:2,join
FNDA:16,Dashboard3
DA:12,16
DA:25,16
DA:39,16
DA:40,16
DA:42,16
DA:83,16
DA:98,2
DA:103,16
LF:8
LH:8
BRDA:39,0,0,0
BRDA:39,0,1,16
BRDA:40,1,0,0
BRDA:40,1,1,16
BRF:4
BRH:2
end_of_record
TN:
SF:src\index.js
FN:38,Test
FN:41,(anonymous_1)
FN:43,(anonymous_2)
FN:44,(anonymous_3)
FNF:4
FNH:0
FNDA:0,Test
FNDA:0,(anonymous_1)
FNDA:0,(anonymous_2)
FNDA:0,(anonymous_3)
DA:19,19
DA:39,0
DA:41,0
DA:42,0
DA:43,0
DA:44,0
DA:47,0
LF:7
LH:1
BRDA:48,0,0,0
BRDA:48,0,1,0
BRF:2
BRH:0
end_of_record
TN:
SF:src\apis\loginSubmit.js
FN:7,login
FNF:1
FNH:0
FNDA:0,login
DA:9,0
DA:19,0
LF:2
LH:0
BRF:0
BRH:0
end_of_record
TN:
SF:src\apis\signUpSubmit.js
FN:4,signUp
FN:31,(anonymous_1)
FN:52,testName
FN:62,testEmail
FNF:4
FNH:4
FNDA:7,signUp
FNDA:2,(anonymous_1)
FNDA:10,testName
FNDA:3,testEmail
DA:7,7
DA:9,3
DA:11,3
DA:18,2
DA:32,2
DA:48,2
DA:54,10
DA:56,8
DA:57,6
DA:64,3
LF:10
LH:10
BRDA:54,0,0,2
BRDA:54,0,1,8
BRDA:56,1,0,2
BRDA:56,1,1,6
BRDA:64,2,0,1
BRDA:64,2,1,2
BRF:6
BRH:6
end_of_record
TN:
SF:src\components\Banner.js
FN:6,(anonymous_0)
FNF:1
FNH:1
FNDA:48,(anonymous_0)
DA:6,19
DA:8,48
LF:2
LH:2
BRDA:11,0,0,16
BRDA:11,0,1,32
BRDA:12,1,0,4
BRDA:12,1,1,44
BRDA:13,2,0,12
BRDA:13,2,1,36
BRDA:14,3,0,8
BRDA:14,3,1,40
BRDA:15,4,0,8
BRDA:15,4,1,40
BRF:10
BRH:10
end_of_record
TN:
SF:src\components\BrowseStudies.js
FN:7,(anonymous_0)
FN:15,(anonymous_1)
FN:32,(anonymous_2)
FN:49,(anonymous_3)
FN:53,(anonymous_4)
FN:83,(anonymous_5)
FNF:6
FNH:5
FNDA:11,(anonymous_0)
FNDA:4,(anonymous_1)
FNDA:3,(anonymous_2)
FNDA:0,(anonymous_3)
FNDA:12,(anonymous_4)
FNDA:44,(anonymous_5)
DA:8,11
DA:10,8
DA:16,4
DA:17,4
DA:30,4
DA:47,3
DA:50,0
DA:54,12
DA:55,12
DA:83,44
LF:10
LH:9
BRDA:82,0,0,4
BRDA:82,0,1,8
BRF:2
BRH:2
end_of_record
TN:
SF:src\components\Dropdown.js
FN:5,(anonymous_0)
FN:22,handleClick
FNF:2
FNH:2
FNDA:48,(anonymous_0)
FNDA:4,handleClick
DA:5,19
DA:7,48
DA:9,48
DA:11,48
DA:12,48
DA:13,48
DA:14,48
DA:15,48
DA:17,48
DA:18,48
DA:19,48
DA:23,4
DA:25,2
DA:27,2
DA:28,2
DA:30,2
DA:31,2
DA:34,2
DA:36,2
DA:37,2
DA:38,2
DA:39,2
DA:40,2
DA:41,2
DA:42,2
DA:44,2
DA:46,2
DA:48,2
DA:49,2
DA:53,48
LF:30
LH:30
BRDA:23,0,0,2
BRDA:23,0,1,2
BRF:2
BRH:2
end_of_record
TN:
SF:src\components\FAQ.js
FN:5,(anonymous_0)
FNF:1
FNH:1
FNDA:8,(anonymous_0)
DA:5,19
DA:6,8
LF:2
LH:2
BRF:0
BRH:0
end_of_record
TN:
SF:src\components\HyperLink.js
FN:4,(anonymous_0)
FNF:1
FNH:1
FNDA:928,(anonymous_0)
DA:4,19
DA:5,928
DA:6,928
LF:3
LH:3
BRDA:5,0,0,464
BRDA:5,0,1,464
BRDA:9,1,0,464
BRDA:9,1,1,464
BRDA:10,2,0,464
BRDA:10,2,1,464
BRDA:11,3,0,464
BRDA:11,3,1,464
BRF:8
BRH:8
end_of_record
TN:
SF:src\components\Login.js
FN:8,(anonymous_0)
FN:18,(anonymous_1)
FN:21,(anonymous_2)
FN:24,(anonymous_3)
FNF:4
FNH:3
FNDA:90,(anonymous_0)
FNDA:36,(anonymous_1)
FNDA:70,(anonymous_2)
FNDA:0,(anonymous_3)
DA:8,19
DA:10,90
DA:13,90
DA:18,90
DA:19,36
DA:20,36
DA:21,70
DA:24,90
DA:25,0
DA:27,0
DA:29,0
DA:31,0
DA:33,0
DA:36,0
DA:40,90
DA:41,0
DA:42,0
DA:57,90
LF:18
LH:10
BRDA:40,0,0,0
BRDA:40,0,1,90
BRDA:41,1,0,0
BRDA:41,1,1,0
BRDA:68,2,0,90
BRDA:68,2,1,18
BRDA:77,3,0,90
BRDA:77,3,1,58
BRF:8
BRH:5
end_of_record
TN:
SF:src\components\ManageProfile.js
FN:5,(anonymous_0)
FNF:1
FNH:1
FNDA:12,(anonymous_0)
DA:5,19
DA:6,12
LF:2
LH:2
BRF:0
BRH:0
end_of_record
TN:
SF:src\components\NavButton.js
FN:3,(anonymous_0)
FNF:1
FNH:1
FNDA:240,(anonymous_0)
DA:3,19
DA:4,240
LF:2
LH:2
BRDA:5,0,0,48
BRDA:5,0,1,192
BRF:2
BRH:2
end_of_record
TN:
SF:src\components\ProfileTile.js
FN:4,(anonymous_0)
FN:33,saveChanges
FN:76,(anonymous_2)
FN:79,(anonymous_3)
FN:82,(anonymous_4)
FN:85,(anonymous_5)
FN:88,(anonymous_6)
FNF:7
FNH:6
FNDA:424,(anonymous_0)
FNDA:2,saveChanges
FNDA:200,(anonymous_2)
FNDA:398,(anonymous_3)
FNDA:6,(anonymous_4)
FNDA:12,(anonymous_5)
FNDA:0,(anonymous_6)
DA:4,19
DA:7,424
DA:8,424
DA:9,0
DA:10,0
DA:12,0
DA:15,424
DA:19,424
DA:34,2
DA:35,0
DA:36,0
DA:37,0
DA:38,0
DA:39,0
DA:51,420
DA:76,420
DA:77,200
DA:78,200
DA:79,398
DA:82,420
DA:83,6
DA:84,6
DA:85,12
DA:88,420
DA:89,0
DA:92,420
LF:26
LH:17
BRDA:8,0,0,0
BRDA:8,0,1,424
BRDA:9,1,0,0
BRDA:9,1,1,0
BRDA:20,2,0,0
BRDA:20,2,1,424
BRDA:21,3,0,0
BRDA:21,3,1,424
BRDA:22,4,0,0
BRDA:22,4,1,424
BRDA:22,5,0,424
BRDA:22,5,1,0
BRDA:23,6,0,0
BRDA:23,6,1,424
BRDA:23,7,0,424
BRDA:23,7,1,0
BRDA:24,8,0,0
BRDA:24,8,1,424
BRDA:24,9,0,424
BRDA:24,9,1,0
BRDA:25,10,0,0
BRDA:25,10,1,424
BRDA:26,11,0,0
BRDA:26,11,1,424
BRDA:34,12,0,0
BRDA:34,12,1,2
BRDA:226,13,0,420
BRDA:226,13,1,304
BRF:28
BRH:14
end_of_record
TN:
SF:src\components\SignOutHeader.js
FN:6,(anonymous_0)
FN:20,(anonymous_1)
FNF:2
FNH:0
FNDA:0,(anonymous_0)
FNDA:0,(anonymous_1)
DA:6,19
DA:7,0
DA:21,0
DA:22,0
DA:23,0
DA:24,0
DA:25,0
DA:26,0
LF:8
LH:1
BRF:0
BRH:0
end_of_record
TN:
SF:src\components\SignUpButton.js
FN:7,(anonymous_0)
FNF:1
FNH:1
FNDA:554,(anonymous_0)
DA:7,19
DA:8,554
DA:10,554
LF:3
LH:3
BRDA:8,0,0,90
BRDA:8,0,1,464
BRF:2
BRH:2
end_of_record
TN:
SF:src\components\SignUpHeader.js
FN:11,(anonymous_0)
FNF:1
FNH:1
FNDA:464,(anonymous_0)
DA:11,19
DA:12,464
LF:2
LH:2
BRF:0
BRH:0
end_of_record
TN:
SF:src\components\StudiesForYou.js
FN:7,(anonymous_0)
FN:15,(anonymous_1)
FN:32,(anonymous_2)
FN:49,(anonymous_3)
FN:53,(anonymous_4)
FN:81,(anonymous_5)
FNF:6
FNH:4
FNDA:5,(anonymous_0)
FNDA:2,(anonymous_1)
FNDA:1,(anonymous_2)
FNDA:0,(anonymous_3)
FNDA:4,(anonymous_4)
FNDA:0,(anonymous_5)
DA:8,5
DA:10,4
DA:16,2
DA:17,2
DA:30,2
DA:47,1
DA:50,0
DA:54,4
DA:55,4
DA:81,0
LF:10
LH:8
BRDA:80,0,0,0
BRDA:80,0,1,4
BRF:2
BRH:1
end_of_record
TN:
SF:src\components\TrialBox.js
FN:3,(anonymous_0)
FNF:1
FNH:1
FNDA:44,(anonymous_0)
DA:3,19
DA:4,44
LF:2
LH:2
BRDA:9,0,0,28
BRDA:9,0,1,16
BRF:2
BRH:2
end_of_record
TN:
SF:src\components\signUp.js
FN:8,(anonymous_0)
FN:23,(anonymous_1)
FN:26,(anonymous_2)
FN:29,(anonymous_3)
FNF:4
FNH:4
FNDA:374,(anonymous_0)
FNDA:168,(anonymous_1)
FNDA:331,(anonymous_2)
FNDA:7,(anonymous_3)
DA:8,19
DA:10,374
DA:12,374
DA:23,374
DA:24,168
DA:25,168
DA:26,331
DA:29,374
DA:30,7
DA:31,7
DA:34,7
DA:35,7
DA:36,7
DA:37,7
DA:40,7
DA:44,374
DA:45,0
DA:46,0
DA:60,374
LF:19
LH:17
BRDA:44,0,0,0
BRDA:44,0,1,374
BRDA:45,1,0,0
BRDA:45,1,1,0
BRDA:70,2,0,374
BRDA:70,2,1,38
BRDA:78,3,0,374
BRDA:78,3,1,106
BRDA:86,4,0,374
BRDA:86,4,1,170
BRDA:95,5,0,374
BRDA:95,5,1,210
BRDA:103,6,0,374
BRDA:103,6,1,242
BRDA:111,7,0,374
BRDA:111,7,1,274
BRDA:119,8,0,374
BRDA:119,8,1,294
BRDA:128,9,0,374
BRDA:128,9,1,350
BRF:20
BRH:17
end_of_record
